Codefile:01403_hrg_mnl01.r 
Apollo ignition sequence completed

outputDirectory provided by user does not exist, so will be created.
All checks on apollo_control completed.
All checks on database completed.


model = apollo_estimate(apollo_beta, apollo_fixed, apollo_probabilities, apollo_inputs)
Preparing user-defined functions.

Testing likelihood function...

Overview of choices for MNL model component :
                                    CART   CARNT      TR      LR      BW     BUS
Times available                  2369.00 2369.00 1089.00 1330.00 1280.00 1039.00
Times chosen                      600.00  658.00  243.00  305.00  319.00  244.00
Percentage chosen overall          25.33   27.78   10.26   12.87   13.47   10.30
Percentage chosen when available   25.33   27.78   22.31   22.93   24.92   23.48


Pre-processing likelihood function...

Testing influence of parameters
Starting main estimation

BGW using analytic model derivatives supplied by caller...


Iterates will be written to: 
 01403_hrg_mnl/01403_hrg_mnl01_iterations.csv
    it    nf     F            RELDF    PRELDF    RELDX    MODEL stppar
     0     1 3.223190940e+03
     1     3 3.220153480e+03 9.424e-04 9.387e-04 7.74e-02   G   0.00e+00
     2     4 3.220149706e+03 1.172e-06 1.116e-06 3.13e-03   G   0.00e+00
     3     5 3.220149679e+03 8.620e-09 8.021e-09 2.75e-04   G   0.00e+00
     4     6 3.220149678e+03 8.790e-11 8.873e-11 3.36e-05   S   0.00e+00

***** Relative function convergence *****

Estimated parameters with approximate standard errors from BHHH matrix:
             Estimate     BHHH se BHH t-ratio (0)
asc_cart     -0.08253     0.07510         -1.0989
b_cost       -0.20181     0.01882        -10.7223
asc_carnt     0.41384     0.07836          5.2812
asc_bus       0.01966     0.09948          0.1976
asc_tr       -0.04175     0.09429         -0.4427
asc_bw        0.09251     0.08725          1.0603
asc_lr        0.00000          NA              NA

Final LL: -3220.1497

Calculating log-likelihood at equal shares (LL(0)) for applicable models...
Calculating log-likelihood at observed shares from estimation data (LL(c)) for applicable models...
Calculating LL of each model component...
Calculating other model fit measures
Computing covariance matrix using numerical jacobian of analytical gradient.
 0%....25%....50%....75%.100%
Negative definite Hessian with maximum eigenvalue: -42.59431
Computing score matrix...

Your model was estimated using the BGW algorithm. Please acknowledge this by citing Bunch et al. (1993) - doi.org/10.1145/151271.151279

Please acknowledge the use of Apollo by citing Hess & Palma (2019) - doi.org/10.1016/j.jocm.2019.100170
Model output saved to 01403_hrg_mnl/01403_hrg_mnl01_output.txt 
Model object saved to 01403_hrg_mnl/01403_hrg_mnl01.rds 
f Apollo by citing Hess & Palma (2019)
  DOI 10.1016/j.jocm.2019.100170
  www.ApolloChoiceModelling.com

Model name                                  : 01403_hrg_mnl01
Model description                           : 01403a_hrg_mnl01: Replication of hrg Ch 10.3(p. 316f) MNL result
Model run at                                : 2025-04-08 10:23:57.592899
Estimation method                           : bgw
Model diagnosis                             : Relative function convergence
Optimisation diagnosis                      : Maximum found
     hessian properties                     : Negative definite
     maximum eigenvalue                     : -42.59431
     reciprocal of condition number         : 0.0100573
Number of individuals                       : 795
Number of rows in database                  : 2369
Number of modelled outcomes                 : 2369

Number of cores used                        :  1 
Model without mixing

LL(start)                                   : -3223.19
LL at equal shares, LL(0)                   : -3284.13
LL at observed shares, LL(C)                : -4039.69
LL(final)                                   : -3220.15
Rho-squared vs equal shares                  :  0.0195 
Adj.Rho-squared vs equal shares              :  0.0177 
Rho-squared vs observed shares               :  0.2029 
Adj.Rho-squared vs observed shares           :  0.2026 
AIC                                         :  6452.3 
BIC                                         :  6486.92 

Estimated parameters                        : 6
Time taken (hh:mm:ss)                       :  00:00:0.73 
     pre-estimation                         :  00:00:0.31 
     estimation                             :  00:00:0.1 
     post-estimation                        :  00:00:0.32 
Iterations                                  :  4  

Unconstrained optimisation.

Estimates:
             Estimate        s.e.   t.rat.(0)    Rob.s.e. Rob.t.rat.(0)
asc_cart     -0.08253     0.07553     -1.0927     0.08725       -0.9458
b_cost       -0.20181     0.01917    -10.5277     0.01871      -10.7887
asc_carnt     0.41384     0.07641      5.4164     0.08331        4.9677
asc_bus       0.01966     0.09923      0.1981     0.08885        0.2213
asc_tr       -0.04175     0.09373     -0.4454     0.09727       -0.4292
asc_bw        0.09251     0.08588      1.0772     0.09314        0.9932
asc_lr        0.00000          NA          NA          NA            NA


Overview of choices for MNL model component :
                                    CART   CARNT      TR      LR      BW     BUS
Times available                  2369.00 2369.00 1089.00 1330.00 1280.00 1039.00
Times chosen                      600.00  658.00  243.00  305.00  319.00  244.00
Percentage chosen overall          25.33   27.78   10.26   12.87   13.47   10.30
Percentage chosen when available   25.33   27.78   22.31   22.93   24.92   23.48


