Codefile:01403_hrg_mnl04.r 


codebookentries('altij',asm)

altij[] (Length:9476, # of nonmissing elements:9476)
  Frequency PctShare LevelCode LevelText
1      2369       25         1      CART
2      2369       25         2     CARNT
3      1039       11         3       BUS
4      1089       11         4        TR
5      1280       14         5        BW
6      1330       14         6        LR


apollo_modelOutput(model)
Model run by Brosig using Apollo 0.3.5 on R 4.4.3 for Windows.
Please acknowledge the use of Apollo by citing Hess & Palma (2019)
  DOI 10.1016/j.jocm.2019.100170
  www.ApolloChoiceModelling.com

Model name                                  : 01403_hrg_mnl4
Model description                           : 01403a_hrg_mnl4: Replication of hrg p. 344 dummy coding (nonlinear)
Model run at                                : 2025-04-08 10:39:04.854318
Estimation method                           : bgw
Model diagnosis                             : Relative function convergence
Optimisation diagnosis                      : Maximum found
     hessian properties                     : Negative definite
     maximum eigenvalue                     : -15.700759
     reciprocal of condition number         : 0.00276972
Number of individuals                       : 795
Number of rows in database                  : 2369
Number of modelled outcomes                 : 2369

Number of cores used                        :  1 
Model without mixing

LL(start)                                   : -3264.38
LL at equal shares, LL(0)                   : -3284.13
LL at observed shares, LL(C)                : -4039.69
LL(final)                                   : -3217.96
Rho-squared vs equal shares                  :  0.0201 
Adj.Rho-squared vs equal shares              :  0.0177 
Rho-squared vs observed shares               :  0.2034 
Adj.Rho-squared vs observed shares           :  0.2027 
AIC                                         :  6451.92 
BIC                                         :  6498.08 

Estimated parameters                        : 8
Time taken (hh:mm:ss)                       :  00:00:0.79 
     pre-estimation                         :  00:00:0.28 
     estimation                             :  00:00:0.12 
     post-estimation                        :  00:00:0.39 
Iterations                                  :  7  

Unconstrained optimisation.

Estimates:
              Estimate        s.e.   t.rat.(0)    Rob.s.e. Rob.t.rat.(0)
asc_cart      -0.06486     0.07603     -0.8531     0.08741       -0.7420
b_cost        -0.18203     0.02174     -8.3738     0.02046       -8.8965
asc_carnt      0.39187     0.07708      5.0840     0.08385        4.6735
asc_bus        0.02057     0.09912      0.2075     0.08855        0.2323
asc_tr        -0.04100     0.09359     -0.4381     0.09701       -0.4226
asc_bw        -0.95673     0.15650     -6.1133     0.16244       -5.8896
b_fare_bw1     1.05038     0.16650      6.3085     0.15570        6.7462
b_fare_bw3     0.38560     0.17654      2.1842     0.16708        2.3078
b_fare_bw5     0.00000          NA          NA          NA            NA
asc_lr         0.00000          NA          NA          NA            NA


Overview of choices for MNL model component :
                                    CART   CARNT      TR      LR      BW     BUS
Times available                  2369.00 2369.00 1089.00 1330.00 1280.00 1039.00
Times chosen                      600.00  658.00  243.00  305.00  319.00  244.00
Percentage chosen overall          25.33   27.78   10.26   12.87   13.47   10.30
Percentage chosen when available   25.33   27.78   22.31   22.93   24.92   23.48




apollo_lrTest('01403_hrg_mnl/01403_hrg_mnl01', model)
                      LL par
01403_hrg_mnl01 -3220.15   6
01403_hrg_mnl4  -3217.96   8
Difference          2.19   2

Likelihood ratio test-value:    4.38 
Degrees of freedom:             2 
Likelihood ratio test p-value:  0.1119 
INFORMATION: The p-value from the test is returned invisibly as an output from this function. Calling the function via result=apollo_lrTest(...) will save this output in an object called result (or otherwise named object). 
