Codefile:01403_hrg_mnl02.r 


codebookentries('altij',asm)

altij[] (Length:9476, # of nonmissing elements:9476)
  Frequency PctShare LevelCode LevelText
1      2369       25         1      CART
2      2369       25         2     CARNT
3      1039       11         3       BUS
4      1089       11         4        TR
5      1280       14         5        BW
6      1330       14         6        LR
Apollo ignition sequence completed
All checks on apollo_control completed.
All checks on database completed.


model = apollo_estimate(apollo_beta, apollo_fixed, apollo_probabilities, apollo_inputs)
Preparing user-defined functions.

Testing likelihood function...

Overview of choices for MNL model component :
                                    CART   CARNT      TR      LR      BW     BUS
Times available                  2369.00 2369.00 1089.00 1330.00 1280.00 1039.00
Times chosen                      600.00  658.00  243.00  305.00  319.00  244.00
Percentage chosen overall          25.33   27.78   10.26   12.87   13.47   10.30
Percentage chosen when available   25.33   27.78   22.31   22.93   24.92   23.48


Pre-processing likelihood function...

Testing influence of parameters
Starting main estimation

BGW using analytic model derivatives supplied by caller...


Iterates will be written to: 
 01403_hrg_mnl/01403_hrg_mnl02_iterations.csv
    it    nf     F            RELDF    PRELDF    RELDX    MODEL stppar
     0     1 3.306508159e+03
     1     4 3.277127316e+03 8.886e-03 8.686e-03 3.77e-01   G   0.00e+00
     2     5 3.277011551e+03 3.532e-05 3.539e-05 5.99e-02   G   0.00e+00
     3     6 3.277011542e+03 2.890e-09 2.900e-09 4.80e-04   G   0.00e+00
     4     7 3.277011542e+03 1.542e-13 1.424e-13 3.75e-06   G   0.00e+00

***** Relative function convergence *****

Estimated parameters with approximate standard errors from BHHH matrix:
             Estimate     BHHH se BHH t-ratio (0)
asc_cart      0.10014     0.07341          1.3641
asc_carnt     0.19242     0.07221          2.6648
asc_bus       0.02563     0.09811          0.2612
asc_tr       -0.04433     0.09265         -0.4784
asc_bw        0.09942     0.08502          1.1693
asc_lr        0.00000          NA              NA

Final LL: -3277.0115

Calculating log-likelihood at equal shares (LL(0)) for applicable models...
Calculating log-likelihood at observed shares from estimation data (LL(c)) for applicable models...
Calculating LL of each model component...
Calculating other model fit measures
Computing covariance matrix using numerical jacobian of analytical gradient.
 0%....25%....50%...100%
Negative definite Hessian with maximum eigenvalue: -43.467489
Computing score matrix...

Your model was estimated using the BGW algorithm. Please acknowledge this by citing Bunch et al. (1993) - doi.org/10.1145/151271.151279

Please acknowledge the use of Apollo by citing Hess & Palma (2019) - doi.org/10.1016/j.jocm.2019.100170


apollo_modelOutput(model)
Model run by Brosig using Apollo 0.3.5 on R 4.4.3 for Windows.
Please acknowledge the use of Apollo by citing Hess & Palma (2019)
  DOI 10.1016/j.jocm.2019.100170
  www.ApolloChoiceModelling.com

Model name                                  : 01403_hrg_mnl02
Model description                           : 01403a_hrg_mnl02: Replication of hrg p. 329f ASC only model
Model run at                                : 2025-04-08 10:34:30.363594
Estimation method                           : bgw
Model diagnosis                             : Relative function convergence
Optimisation diagnosis                      : Maximum found
     hessian properties                     : Negative definite
     maximum eigenvalue                     : -43.467489
     reciprocal of condition number         : 0.0690516
Number of individuals                       : 795
Number of rows in database                  : 2369
Number of modelled outcomes                 : 2369

Number of cores used                        :  1 
Model without mixing

LL(start)                                   : -3306.51
LL at equal shares, LL(0)                   : -3284.13
LL at observed shares, LL(C)                : -4039.69
LL(final)                                   : -3277.01
Rho-squared vs equal shares                  :  0.0022 
Adj.Rho-squared vs equal shares              :  6e-04 
Rho-squared vs observed shares               :  0.1888 
Adj.Rho-squared vs observed shares           :  0.1888 
AIC                                         :  6564.02 
BIC                                         :  6592.87 

Estimated parameters                        : 5
Time taken (hh:mm:ss)                       :  00:00:0.58 
     pre-estimation                         :  00:00:0.16 
     estimation                             :  00:00:0.06 
     post-estimation                        :  00:00:0.35 
Iterations                                  :  4  

Unconstrained optimisation.

Estimates:
             Estimate        s.e.   t.rat.(0)    Rob.s.e. Rob.t.rat.(0)
asc_cart      0.10014     0.07333      1.3657     0.08399        1.1923
asc_carnt     0.19242     0.07232      2.6607     0.08268        2.3271
asc_bus       0.02563     0.09810      0.2613     0.08838        0.2900
asc_tr       -0.04433     0.09285     -0.4774     0.09607       -0.4614
asc_bw        0.09942     0.08480      1.1724     0.09227        1.0774
asc_lr        0.00000          NA          NA          NA            NA


Overview of choices for MNL model component :
                                    CART   CARNT      TR      LR      BW     BUS
Times available                  2369.00 2369.00 1089.00 1330.00 1280.00 1039.00
Times chosen                      600.00  658.00  243.00  305.00  319.00  244.00
Percentage chosen overall          25.33   27.78   10.26   12.87   13.47   10.30
Percentage chosen when available   25.33   27.78   22.31   22.93   24.92   23.48



Old result file "01403_hrg_mnl/01403_hrg_mnl02_output.txt" removed/overwritten
Old result file "01403_hrg_mnl/01403_hrg_mnl02_model.rds" removed/overwritten
Model output saved to 01403_hrg_mnl/01403_hrg_mnl02_output.txt 
Model object saved to 01403_hrg_mnl/01403_hrg_mnl02.rds 
 num -3220
 num -3277


diff <- 2 * (LL1 - LL2)
[1] 113.7237


apollo_lrTest('01403_hrg_mnl/01403_hrg_mnl01', model)
The order of your two models will be reversed in the output as model 1 has better fit than model 2.

                      LL par
01403_hrg_mnl02 -3277.01   5
01403_hrg_mnl01 -3220.15   6
Difference         56.86   1

Likelihood ratio test-value:    113.72 
Degrees of freedom:             1 
Likelihood ratio test p-value:  1.501e-26 
INFORMATION: The p-value from the test is returned invisibly as an output from this function. Calling the function via result=apollo_lrTest(...) will save this output in an object called result (or otherwise named object). 
Apollo ignition sequence completed
All checks on apollo_control completed.
All checks on database completed.


model = apollo_estimate(apollo_beta, apollo_fixed, apollo_probabilities, apollo_inputs)
Preparing user-defined functions.

Testing likelihood function...

Overview of choices for MNL model component :
                                    CART   CARNT      TR      LR      BW     BUS
Times available                  2369.00 2369.00 1089.00 1330.00 1280.00 1039.00
Times chosen                      600.00  658.00  243.00  305.00  319.00  244.00
Percentage chosen overall          25.33   27.78   10.26   12.87   13.47   10.30
Percentage chosen when available   25.33   27.78   22.31   22.93   24.92   23.48


Pre-processing likelihood function...

Testing influence of parameters
Starting main estimation

BGW using analytic model derivatives supplied by caller...


Iterates will be written to: 
 01403_hrg_mnl/01403_hrg_mnl3_iterations.csv
    it    nf     F            RELDF    PRELDF    RELDX    MODEL stppar
     0     1 4.452992283e+03
     1     4 3.725531642e+03 1.634e-01 1.228e-01 1.02e-01   G   8.01e-01
     2     5 3.278506246e+03 1.200e-01 9.138e-02 3.76e-01   G   0.00e+00
     3     6 3.214837372e+03 1.942e-02 2.092e-02 1.00e+00   S   0.00e+00
     4     7 3.214245682e+03 1.840e-04 1.810e-04 1.10e-01   S   0.00e+00
     5     8 3.214240591e+03 1.584e-06 1.534e-06 6.96e-03   S   0.00e+00
     6     9 3.214240549e+03 1.320e-08 1.317e-08 9.65e-04   S   0.00e+00
     7    10 3.214240549e+03 1.568e-11 1.603e-11 1.26e-05   S   0.00e+00

***** Relative function convergence *****

Estimated parameters with approximate standard errors from BHHH matrix:
             Estimate     BHHH se BHH t-ratio (0)
asc_cart     -0.43353     0.17425         -2.4881
b_cart       -0.09766     0.05753         -1.6976
asc_carnt    -0.16668     0.26164         -0.6371
b_carnt      -0.09244     0.05686         -1.6257
asc_bus      -0.18886     0.19780         -0.9548
b_bus        -0.17878     0.04784         -3.7370
asc_tr       -0.15245     0.18358         -0.8304
b_tr         -0.21490     0.04443         -4.8365
asc_bw        0.11530     0.17735          0.6501
b_bw         -0.26643     0.04141         -6.4332
asc_lr        0.00000          NA              NA
b_lr         -0.25775     0.04186         -6.1576

Final LL: -3214.2405

Calculating log-likelihood at equal shares (LL(0)) for applicable models...
Calculating log-likelihood at observed shares from estimation data (LL(c)) for applicable models...
Calculating LL of each model component...
Calculating other model fit measures
Computing covariance matrix using numerical jacobian of analytical gradient.
 0%....25%....50%....75%..100%
Negative definite Hessian with maximum eigenvalue: -9.208252
Computing score matrix...

Your model was estimated using the BGW algorithm. Please acknowledge this by citing Bunch et al. (1993) - doi.org/10.1145/151271.151279

Please acknowledge the use of Apollo by citing Hess & Palma (2019) - doi.org/10.1016/j.jocm.2019.100170
