Codefile:hrg03_mnl05.r 


codebookentries('altij',asm)

altij[] (Length:9476, # of nonmissing elements:9476)
  Frequency PctShare LevelCode LevelText
1      2369       25         1      CART
2      2369       25         2     CARNT
3      1039       11         3       BUS
4      1089       11         4        TR
5      1280       14         5        BW
6      1330       14         6        LR


apollo_modelOutput(model)
Model run by Brosig using Apollo 0.3.5 on R 4.4.3 for Windows.
Please acknowledge the use of Apollo by citing Hess & Palma (2019)
  DOI 10.1016/j.jocm.2019.100170
  www.ApolloChoiceModelling.com

Model name                                  : hrg03_mnl5
Model description                           : hrg03a_mnl5: hrg 2005 p. 352: interactions1 (lin)
Model run at                                : 2025-04-25 07:46:16.649784
Estimation method                           : bgw
Model diagnosis                             : Relative function convergence
Optimisation diagnosis                      : Maximum found
     hessian properties                     : Negative definite
     maximum eigenvalue                     : -41.826738
     reciprocal of condition number         : 0.00220314
Number of individuals                       : 795
Number of rows in database                  : 2369
Number of modelled outcomes                 : 2369

Number of cores used                        :  1 
Model without mixing

LL(start)                                   : -4435.47
LL at equal shares, LL(0)                   : -3284.13
LL at observed shares, LL(C)                : -4039.69
LL(final)                                   : -3218.03
Rho-squared vs equal shares                  :  0.0201 
Adj.Rho-squared vs equal shares              :  0.018 
Rho-squared vs observed shares               :  0.2034 
Adj.Rho-squared vs observed shares           :  0.2029 
AIC                                         :  6450.05 
BIC                                         :  6490.44 

Estimated parameters                        : 7
Time taken (hh:mm:ss)                       :  00:00:0.96 
     pre-estimation                         :  00:00:0.26 
     estimation                             :  00:00:0.16 
     post-estimation                        :  00:00:0.54 
Iterations                                  :  9  

Unconstrained optimisation.

Estimates:
             Estimate        s.e.   t.rat.(0)    Rob.s.e. Rob.t.rat.(0)
asc_cart     -0.08196     0.07553     -1.0852     0.08724       -0.9395
b_cost       -0.20182     0.01917    -10.5255     0.01871      -10.7854
asc_carnt     0.31084     0.09152      3.3966     0.10763        2.8881
b_vehlic      0.02305     0.01108      2.0806     0.01319        1.7470
asc_bus       0.02079     0.09925      0.2095     0.08882        0.2341
asc_tr       -0.04165     0.09373     -0.4444     0.09726       -0.4283
asc_bw        0.09340     0.08589      1.0874     0.09319        1.0022
asc_lr        0.00000          NA          NA          NA            NA


Overview of choices for MNL model component :
                                    CART   CARNT      TR      LR      BW     BUS
Times available                  2369.00 2369.00 1089.00 1330.00 1280.00 1039.00
Times chosen                      600.00  658.00  243.00  305.00  319.00  244.00
Percentage chosen overall          25.33   27.78   10.26   12.87   13.47   10.30
Percentage chosen when available   25.33   27.78   22.31   22.93   24.92   23.48



Old result file "hrg03_mnl/hrg03_mnl5_output.txt" removed/overwritten
Old result file "hrg03_mnl/hrg03_mnl5_model.rds" removed/overwritten
Model output saved to hrg03_mnl/hrg03_mnl5_output.txt 
Model object saved to hrg03_mnl/hrg03_mnl5.rds 


apollo_lrTest('hrg03_mnl/hrg03_mnl01', model)
                  LL par
hrg03_mnl01 -3220.15   6
hrg03_mnl5  -3218.03   7
Difference      2.12   1

Likelihood ratio test-value:    4.24 
Degrees of freedom:             1 
Likelihood ratio test p-value:  0.03948 
INFORMATION: The p-value from the test is returned invisibly as an output from this function. Calling the function via result=apollo_lrTest(...) will save this output in an object called result (or otherwise named object). 
