Codefile:hrg01a_imp_repl.r 

Case study data of Hensher/Rose/Greene ACA-Primer, 1st ed, 2005 
     (import from SPRP.txt received from Authors on March 2 2025)

 ToC:
     I) (near) replication of Table 9.11 Breakdown by City for the SP and RP data sets (p. 285)
     II)  Codebook ('Data frame summary')


 I) (near) replication of HRG2005 Table 9.11 - Breakdown by city for the SP and RP data sets (p. 285)
            1    2 <30 30-45 >45
Sydney    167  246 123    60  63
Canberra   96  126 107    13   6
Melbourne 173  239 148    51  40
Adelaide  119  167 124    29  14
Brisbane  167  244 155    56  33
Perth     144  190 138    31  21
Sum       866 1212 795   240 177

Data set dimension: 16188 * 109

  Data set dimension is consistent with p.287 of the book. The number of RP-respondents (866) conforms
with table 9.11. Total number of SP respondents (1212) exceeds the figure in table 9.11 (1204).


II) Codebook of saved data set (i.e. after removal of 2 records with splength='RP' so as 
  to achieve consistency (16186 Obs)  w Appendix 9B(7B): Mode choice Case Study Data Dictionary)
Data Frame Summary  
asm  
Dimensions: 16186 x 109  
Duplicates: 0  

-----------------------------------------------------------------------------------------------------------------
No    Variable    Stats / Values              Freqs (% of Valid)      Graph                  Valid      Missing  
----- ----------- --------------------------- ----------------------- ---------------------- ---------- ---------
1     id          Mean (sd) : 3679 (1584.1)   1212 distinct values              :       .    16186      0        
      [integer]   min < med < max:                                        : :   :   :   :    (100.0%)   (0.0%)   
                  1000 < 3284 < 6503                                  :   : :   :   :   :                        
                  IQR (CV) : 2866 (0.4)                               : : : : : :   :   :                        
                                                                      : : : : : : : :   :                        

2     city        Mean (sd) : 3.5 (1.6)       1 : 1676 (10.4%)        II                     16186      0        
      [integer]   min < med < max:            2 : 3274 (20.2%)        IIII                   (100.0%)   (0.0%)   
                  1 < 3 < 6                   3 : 3214 (19.9%)        III                                        
                  IQR (CV) : 3 (0.4)          4 : 3242 (20.0%)        IIII                                       
                                              5 : 2218 (13.7%)        II                                         
                                              6 : 2562 (15.8%)        III                                        

3     sprp        Min  : 1                    1 :  1730 (10.7%)       II                     16186      0        
      [integer]   Mean : 1.9                  2 : 14456 (89.3%)       IIIIIIIIIIIIIIIII      (100.0%)   (0.0%)   
                  Max  : 2                                                                                       

4     spexp       Mean (sd) : 1.8 (1)         0 : 1730 (10.7%)        II                     16186      0        
      [integer]   min < med < max:            1 : 4816 (29.8%)        IIIII                  (100.0%)   (0.0%)   
                  0 < 2 < 3                   2 : 4824 (29.8%)        IIIII                                      
                  IQR (CV) : 2 (0.6)          3 : 4816 (29.8%)        IIIII                                      

5     altisprp    Mean (sd) : 8.4 (2.6)       1 :  574 ( 3.5%)                               16186      0        
      [integer]   min < med < max:            2 :  342 ( 2.1%)                               (100.0%)   (0.0%)   
                  1 < 8 < 12                  3 :  267 ( 1.6%)                                                   
                  IQR (CV) : 3 (0.3)          4 :  354 ( 2.2%)                                                   
                                              5 :   91 ( 0.6%)                                                   
                                              6 :  102 ( 0.6%)                                                   
                                              7 : 3614 (22.3%)        IIII                                       
                                              8 : 3614 (22.3%)        IIII                                       
                                              9 : 1594 ( 9.8%)        I                                          
                                              10 : 1641 (10.1%)       II                                         
                                              11 : 1973 (12.2%)       II                                         
                                              12 : 2020 (12.5%)       II                                         

6     altij       Mean (sd) : 3 (1.8)         1 : 4188 (25.9%)        IIIII                  16186      0        
      [integer]   min < med < max:            2 : 3956 (24.4%)        IIII                   (100.0%)   (0.0%)   
                  1 < 2 < 6                   3 : 1861 (11.5%)        II                                         
                  IQR (CV) : 4 (0.6)          4 : 1995 (12.3%)        II                                         
                                              5 : 2064 (12.8%)        II                                         
                                              6 : 2122 (13.1%)        II                                         

7     chsnmode    Mean (sd) : 1 (3.2)         0 : 14456 (89.3%)       IIIIIIIIIIIIIIIII      16186      0        
      [integer]   min < med < max:            1 :   192 ( 1.2%)                              (100.0%)   (0.0%)   
                  0 < 0 < 16                  2 :   162 ( 1.0%)                                                  
                  IQR (CV) : 0 (3.2)          8 :    40 ( 0.2%)                                                  
                                              10 :    54 ( 0.3%)                                                 
                                              11 :  1010 ( 6.2%)      I                                          
                                              12 :   128 ( 0.8%)                                                 
                                              13 :    46 ( 0.3%)                                                 
                                              14 :     8 ( 0.0%)                                                 
                                              15 :    54 ( 0.3%)                                                 
                                              16 :    36 ( 0.2%)                                                 

8     altmode     Mean (sd) : 0.7 (2.8)       0 : 14456 (89.3%)       IIIIIIIIIIIIIIIII      16186      0        
      [integer]   min < med < max:            1 :   342 ( 2.1%)                              (100.0%)   (0.0%)   
                  0 < 0 < 16                  2 :   546 ( 3.4%)                                                  
                  IQR (CV) : 0 (3.9)          8 :   142 ( 0.9%)                                                  
                                              10 :   150 ( 0.9%)                                                 
                                              11 :   138 ( 0.9%)                                                 
                                              12 :    50 ( 0.3%)                                                 
                                              13 :    24 ( 0.1%)                                                 
                                              15 :   154 ( 1.0%)                                                 
                                              16 :   184 ( 1.1%)                                                 

9     spchoice    Mean (sd) : 2.9 (1.9)       0 : 1730 (10.7%)        II                     16186      0        
      [integer]   min < med < max:            1 : 3212 (19.8%)        III                    (100.0%)   (0.0%)   
                  0 < 2 < 6                   2 : 3368 (20.8%)        IIII                                       
                  IQR (CV) : 4 (0.7)          3 : 1732 (10.7%)        II                                         
                                              4 : 1768 (10.9%)        II                                         
                                              5 : 2260 (14.0%)        II                                         
                                              6 : 2116 (13.1%)        II                                         

10    choice      Min  : 0                    0 : 11707 (72.3%)       IIIIIIIIIIIIII         16186      0        
      [integer]   Mean : 0.3                  1 :  4479 (27.7%)       IIIII                  (100.0%)   (0.0%)   
                  Max  : 1                                                                                       

11    cset        Min  : 2                    2 :  1730 (10.7%)       II                     16186      0        
      [integer]   Mean : 3.8                  4 : 14456 (89.3%)       IIIIIIIIIIIIIIIII      (100.0%)   (0.0%)   
                  Max  : 4                                                                                       

12    rpda        Min  : 0                    0 :  720 (41.6%)        IIIIIIII               1730       14456    
      [integer]   Mean : 0.6                  1 : 1010 (58.4%)        IIIIIIIIIII            (10.7%)    (89.3%)  
                  Max  : 1                                                                                       

13    rprs        Min  : 0                    0 : 1458 (84.3%)        IIIIIIIIIIIIIIII       1730       14456    
      [integer]   Mean : 0.2                  1 :  272 (15.7%)        III                    (10.7%)    (89.3%)  
                  Max  : 1                                                                                       

14    rpbus       Min  : 0                    0 : 1568 (90.6%)        IIIIIIIIIIIIIIIIII     1730       14456    
      [integer]   Mean : 0.1                  1 :  162 ( 9.4%)        I                      (10.7%)    (89.3%)  
                  Max  : 1                                                                                       

15    rptn        Min  : 0                    0 : 1538 (88.9%)        IIIIIIIIIIIIIIIII      1730       14456    
      [integer]   Mean : 0.1                  1 :  192 (11.1%)        II                     (10.7%)    (89.3%)  
                  Max  : 1                                                                                       

16    rpwalk      Min  : 0                    0 : 1690 (97.7%)        IIIIIIIIIIIIIIIIIII    1730       14456    
      [integer]   Mean : 0                    1 :   40 ( 2.3%)                               (10.7%)    (89.3%)  
                  Max  : 1                                                                                       

17    rpbike      Min  : 0                    0 : 1676 (96.9%)        IIIIIIIIIIIIIIIIIII    1730       14456    
      [integer]   Mean : 0                    1 :   54 ( 3.1%)                               (10.7%)    (89.3%)  
                  Max  : 1                                                                                       

18    spcart      Min  : 0                    0 : 11244 (77.8%)       IIIIIIIIIIIIIII        14456      1730     
      [integer]   Mean : 0.2                  1 :  3212 (22.2%)       IIII                   (89.3%)    (10.7%)  
                  Max  : 1                                                                                       

19    spcarnt     Min  : 0                    0 : 11088 (76.7%)       IIIIIIIIIIIIIII        14456      1730     
      [integer]   Mean : 0.2                  1 :  3368 (23.3%)       IIII                   (89.3%)    (10.7%)  
                  Max  : 1                                                                                       

20    spbus       Min  : 0                    0 : 12724 (88.0%)       IIIIIIIIIIIIIIIII      14456      1730     
      [integer]   Mean : 0.1                  1 :  1732 (12.0%)       II                     (89.3%)    (10.7%)  
                  Max  : 1                                                                                       

21    sptn        Min  : 0                    0 : 12688 (87.8%)       IIIIIIIIIIIIIIIII      14456      1730     
      [integer]   Mean : 0.1                  1 :  1768 (12.2%)       II                     (89.3%)    (10.7%)  
                  Max  : 1                                                                                       

22    spbw        Min  : 0                    0 : 12196 (84.4%)       IIIIIIIIIIIIIIII       14456      1730     
      [integer]   Mean : 0.2                  1 :  2260 (15.6%)       III                    (89.3%)    (10.7%)  
                  Max  : 1                                                                                       

23    splr        Min  : 0                    0 : 12340 (85.4%)       IIIIIIIIIIIIIIIII      14456      1730     
      [integer]   Mean : 0.1                  1 :  2116 (14.6%)       II                     (89.3%)    (10.7%)  
                  Max  : 1                                                                                       

24    cn          Mean (sd) : 2.4 (1.4)       0 : 1730 (10.7%)        II                     16186      0        
      [integer]   min < med < max:            1 : 3292 (20.3%)        IIII                   (100.0%)   (0.0%)   
                  0 < 2 < 4                   2 : 3084 (19.1%)        III                                        
                  IQR (CV) : 3 (0.6)          3 : 3272 (20.2%)        IIII                                       
                                              4 : 4808 (29.7%)        IIIII                                      

25    spmiss      Min  : 0                    0 : 16054 (99.2%)       IIIIIIIIIIIIIIIIIII    16186      0        
      [integer]   Mean : 0                    1 :   132 ( 0.8%)                              (100.0%)   (0.0%)   
                  Max  : 1                                                                                       

26    rpmiss      Min  : 0                    0 : 12046 (74.4%)       IIIIIIIIIIIIII         16186      0        
      [integer]   Mean : 0.3                  1 :  4140 (25.6%)       IIIII                  (100.0%)   (0.0%)   
                  Max  : 1                                                                                       

27    sprpmiss    Mean (sd) : 0.3 (0.4)       0 : 11918 (73.6%)       IIIIIIIIIIIIII         16186      0        
      [integer]   min < med < max:            1 :  4260 (26.3%)       IIIII                  (100.0%)   (0.0%)   
                  0 < 0 < 2                   2 :     8 ( 0.0%)                                                  
                  IQR (CV) : 1 (1.7)                                                                             

28    rpspwkbk    Min  : 0                    0 : 13742 (84.9%)       IIIIIIIIIIIIIIII       16186      0        
      [integer]   Mean : 0.2                  1 :  2444 (15.1%)       III                    (100.0%)   (0.0%)   
                  Max  : 1                                                                                       

29    rpcar       Min  : 0                    0 : 15890 (98.2%)       IIIIIIIIIIIIIIIIIII    16186      0        
      [integer]   Mean : 0                    1 :   296 ( 1.8%)                              (100.0%)   (0.0%)   
                  Max  : 1                                                                                       

30    beforptr    Mean (sd) : 0 (0.3)         0 : 15990 (98.8%)       IIIIIIIIIIIIIIIIIII    16186      0        
      [integer]   min < med < max:            1 :    38 ( 0.2%)                              (100.0%)   (0.0%)   
                  0 < 0 < 5                   2 :   133 ( 0.8%)                                                  
                  IQR (CV) : 0 (10.1)         3 :     3 ( 0.0%)                                                  
                                              5 :    22 ( 0.1%)                                                  

31    afterptr    Mean (sd) : 0 (0.3)         0 : 16037 (99.1%)       IIIIIIIIIIIIIIIIIII    16186      0        
      [integer]   min < med < max:            1 :    16 ( 0.1%)                              (100.0%)   (0.0%)   
                  0 < 0 < 5                   2 :    86 ( 0.5%)                                                  
                  IQR (CV) : 0 (11.6)         3 :    14 ( 0.1%)                                                  
                                              5 :    33 ( 0.2%)                                                  

32    mptrfare    Mean (sd) : 0.1 (0.7)       84 distinct values      :                      16186      0        
      [numeric]   min < med < max:                                    :                      (100.0%)   (0.0%)   
                  0 < 0 < 15                                          :                                          
                  IQR (CV) : 0 (5.8)                                  :                                          
                                                                      :                                          

33    optrfare    Mean (sd) : 0.1 (0.6)       42 distinct values      :                      16186      0        
      [numeric]   min < med < max:                                    :                      (100.0%)   (0.0%)   
                  0 < 0 < 17.5                                        :                                          
                  IQR (CV) : 0 (9.6)                                  :                                          
                                                                      :                                          

34    homtoptr    Mean (sd) : 0.1 (0.7)       0 : 15579 (96.2%)       IIIIIIIIIIIIIIIIIII    16186      0        
      [integer]   min < med < max:            1 :    56 ( 0.3%)                              (100.0%)   (0.0%)   
                  0 < 0 < 6                   2 :    30 ( 0.2%)                                                  
                  IQR (CV) : 0 (5.2)          4 :   511 ( 3.2%)                                                  
                                              5 :     5 ( 0.0%)                                                  
                                              6 :     5 ( 0.0%)                                                  

35    ptrtowk     Mean (sd) : 0.1 (0.8)       0 : 15581 (96.3%)       IIIIIIIIIIIIIIIIIII    16186      0        
      [integer]   min < med < max:            1 :     3 ( 0.0%)                              (100.0%)   (0.0%)   
                  0 < 0 < 6                   4 :   591 ( 3.7%)                                                  
                  IQR (CV) : 0 (5.1)          5 :     9 ( 0.1%)                                                  
                                              6 :     2 ( 0.0%)                                                  

36    hhldveh     Mean (sd) : 0 (0.1)         0 : 16059 (99.2%)       IIIIIIIIIIIIIIIIIII    16186      0        
      [integer]   min < med < max:            1 :    84 ( 0.5%)                              (100.0%)   (0.0%)   
                  0 < 0 < 4                   2 :    31 ( 0.2%)                                                  
                  IQR (CV) : 0 (12.8)         3 :     6 ( 0.0%)                                                  
                                              4 :     6 ( 0.0%)                                                  

37    wkkmveh     Mean (sd) : 0.1 (1.1)       22 distinct values      :                      16186      0        
      [integer]   min < med < max:                                    :                      (100.0%)   (0.0%)   
                  0 < 0 < 60                                          :                                          
                  IQR (CV) : 0 (17)                                   :                                          
                                                                      :                                          

38    walktime    Mean (sd) : 0.5 (2.9)       27 distinct values      :                      16186      0        
      [integer]   min < med < max:                                    :                      (100.0%)   (0.0%)   
                  0 < 0 < 90                                          :                                          
                  IQR (CV) : 0 (6.2)                                  :                                          
                                                                      :                                          

39    mptrtime    Mean (sd) : 1.2 (6.9)       38 distinct values      :                      16186      0        
      [integer]   min < med < max:                                    :                      (100.0%)   (0.0%)   
                  0 < 0 < 95                                          :                                          
                  IQR (CV) : 0 (5.9)                                  :                                          
                                                                      :                                          

40    waittime    Mean (sd) : 0.4 (2.5)       22 distinct values      :                      16186      0        
      [integer]   min < med < max:                                    :                      (100.0%)   (0.0%)   
                  0 < 0 < 60                                          :                                          
                  IQR (CV) : 0 (6.3)                                  :                                          
                                                                      :                                          

41    optrtime    Mean (sd) : 0.2 (2.2)       22 distinct values      :                      16186      0        
      [integer]   min < med < max:                                    :                      (100.0%)   (0.0%)   
                  0 < 0 < 80                                          :                                          
                  IQR (CV) : 0 (9.6)                                  :                                          
                                                                      :                                          

42    autopass    Mean (sd) : 0.1 (0.7)       0 : 15270 (94.3%)       IIIIIIIIIIIIIIIIII     16186      0        
      [integer]   min < med < max:            1 :   574 ( 3.5%)                              (100.0%)   (0.0%)   
                  0 < 0 < 6                   2 :    89 ( 0.5%)                                                  
                  IQR (CV) : 0 (5.4)          3 :    35 ( 0.2%)                                                  
                                              4 :     4 ( 0.0%)                                                  
                                              5 :   104 ( 0.6%)                                                  
                                              6 :   110 ( 0.7%)                                                  

43    maxpass     Mean (sd) : 0.1 (0.4)       0 : 15290 (94.5%)       IIIIIIIIIIIIIIIIII     16186      0        
      [integer]   min < med < max:            1 :   553 ( 3.4%)                              (100.0%)   (0.0%)   
                  0 < 0 < 6                   2 :   263 ( 1.6%)                                                  
                  IQR (CV) : 0 (4.7)          3 :    51 ( 0.3%)                                                  
                                              4 :    20 ( 0.1%)                                                  
                                              5 :     8 ( 0.0%)                                                  
                                              6 :     1 ( 0.0%)                                                  

44    hldauto     Mean (sd) : 0.1 (0.4)       0 : 15381 (95.0%)       IIIIIIIIIIIIIIIIIII    16186      0        
      [integer]   min < med < max:            1 :   524 ( 3.2%)                              (100.0%)   (0.0%)   
                  0 < 0 < 6                   2 :   218 ( 1.3%)                                                  
                  IQR (CV) : 0 (4.9)          3 :    48 ( 0.3%)                                                  
                                              4 :    10 ( 0.1%)                                                  
                                              5 :     4 ( 0.0%)                                                  
                                              6 :     1 ( 0.0%)                                                  

45    autona      Min  : -1                   -1 : 16073 (99.3%)      IIIIIIIIIIIIIIIIIII    16186      0        
      [integer]   Mean : -1                   1 :   113 ( 0.7%)                              (100.0%)   (0.0%)   
                  Max  : 1                                                                                       

46    automake    Mean (sd) : 193 (973.7)     158 distinct values     :                      16186      0        
      [integer]   min < med < max:                                    :                      (100.0%)   (0.0%)   
                  0 < 0 < 9620                                        :                                          
                  IQR (CV) : 0 (5)                                    :                                          
                                                                      :                                          

47    autoyear    Mean (sd) : 4.2 (18.4)      35 distinct values      :                      16186      0        
      [integer]   min < med < max:                                    :                      (100.0%)   (0.0%)   
                  0 < 0 < 94                                          :                                          
                  IQR (CV) : 0 (4.4)                                  :                                          
                                                                      :                                          

48    autowkkm    Mean (sd) : 0.9 (5)         60 distinct values      :                      16186      0        
      [integer]   min < med < max:                                    :                      (100.0%)   (0.0%)   
                  0 < 0 < 101                                         :                                          
                  IQR (CV) : 0 (5.6)                                  :                                          
                                                                      :                                          

49    autotime    Mean (sd) : 1.3 (6.6)       34 distinct values      :                      16186      0        
      [integer]   min < med < max:                                    :                      (100.0%)   (0.0%)   
                  0 < 0 < 120                                         :                                          
                  IQR (CV) : 0 (5)                                    :                                          
                                                                      :                                          

50    autowktm    Mean (sd) : 0.1 (0.7)       0 : 15914 (98.3%)       IIIIIIIIIIIIIIIIIII    16186      0        
      [integer]   min < med < max:            1 :   148 ( 0.9%)                              (100.0%)   (0.0%)   
                  0 < 0 < 51                  2 :    41 ( 0.3%)                                                  
                  IQR (CV) : 0 (13.5)         3 :     8 ( 0.0%)                                                  
                                              4 :     2 ( 0.0%)                                                  
                                              5 :    45 ( 0.3%)                                                  
                                              6 :     2 ( 0.0%)                                                  
                                              8 :     1 ( 0.0%)                                                  
                                              10 :    17 ( 0.1%)                                                 
                                              15 :     3 ( 0.0%)                                                 
                                              16 :     1 ( 0.0%)                                                 
                                              20 :     3 ( 0.0%)                                                 
                                              51 :     1 ( 0.0%)                                                 

51    autwkwlk    Min  : -1                   -1 : 15297 (94.5%)      IIIIIIIIIIIIIIIIII     16186      0        
      [integer]   Mean : -0.9                 1 :   889 ( 5.5%)       I                      (100.0%)   (0.0%)   
                  Max  : 1                                                                                       

52    autwkbus    Min  : 0                    0 : 16179 (100.0%)      IIIIIIIIIIIIIIIIIII    16186      0        
      [integer]   Mean : 0                    2 :     7 (  0.0%)                             (100.0%)   (0.0%)   
                  Max  : 2                                                                                       

53    autwktrn    1 distinct value            0 : 16186 (100.0%)      IIIIIIIIIIIIIIIIIIII   16186      0        
      [integer]                                                                              (100.0%)   (0.0%)   

54    autwkoth    Min  : 0                    0 : 16179 (100.0%)      IIIIIIIIIIIIIIIIIII    16186      0        
      [integer]   Mean : 0                    4 :     7 (  0.0%)                             (100.0%)   (0.0%)   
                  Max  : 4                                                                                       

55    vehppark    Min  : -1                   -1 : 16103 (99.5%)      IIIIIIIIIIIIIIIIIII    16186      0        
      [integer]   Mean : -1                   1 :    83 ( 0.5%)                              (100.0%)   (0.0%)   
                  Max  : 1                                                                                       

56    vehprkct    Mean (sd) : 0 (0.3)         37 distinct values      :                      16186      0        
      [numeric]   min < med < max:                                    :                      (100.0%)   (0.0%)   
                  0 < 0 < 14                                          :                                          
                  IQR (CV) : 0 (20.8)                                 :                                          
                                                                      :                                          

57    vehptoll    Min  : 0                    0 : 16174 (99.9%)       IIIIIIIIIIIIIIIIIII    16186      0        
      [integer]   Mean : 0                    2 :    12 ( 0.1%)                              (100.0%)   (0.0%)   
                  Max  : 2                                                                                       

58    vehtolct    Mean (sd) : 0 (0.1)         0.00 : 16171 (99.9%)    IIIIIIIIIIIIIIIIIII    16186      0        
      [numeric]   min < med < max:            0.02 :     1 ( 0.0%)                           (100.0%)   (0.0%)   
                  0 < 0 < 6                   0.03 :     1 ( 0.0%)                                               
                  IQR (CV) : 0 (44.7)         0.04 :     1 ( 0.0%)                                               
                                              0.20 :     1 ( 0.0%)                                               
                                              0.30 :     1 ( 0.0%)                                               
                                              1.50 :     2 ( 0.0%)                                               
                                              2.00 :     7 ( 0.0%)                                               
                                              6.00 :     1 ( 0.0%)                                               

59    vehpothe    Min  : 0                    0 : 16159 (99.8%)       IIIIIIIIIIIIIIIIIII    16186      0        
      [integer]   Mean : 0                    3 :    27 ( 0.2%)                              (100.0%)   (0.0%)   
                  Max  : 3                                                                                       

60    vehothct    Mean (sd) : 0 (0.2)         0.00 : 16162 (99.9%)    IIIIIIIIIIIIIIIIIII    16186      0        
      [numeric]   min < med < max:            0.02 :     2 ( 0.0%)                           (100.0%)   (0.0%)   
                  0 < 0 < 20                  0.05 :     1 ( 0.0%)                                               
                  IQR (CV) : 0 (39.7)         0.10 :     2 ( 0.0%)                                               
                                              0.20 :     1 ( 0.0%)                                               
                                              1.00 :     1 ( 0.0%)                                               
                                              1.20 :     1 ( 0.0%)                                               
                                              2.00 :     3 ( 0.0%)                                               
                                              3.00 :     4 ( 0.0%)                                               
                                              4.00 :     1 ( 0.0%)                                               
                                              5.00 :     4 ( 0.0%)                                               
                                              6.00 :     1 ( 0.0%)                                               
                                              10.00 :     2 ( 0.0%)                                              
                                              20.00 :     1 ( 0.0%)                                              

61    vehpnoth    Min  : 0                    0 : 15423 (95.3%)       IIIIIIIIIIIIIIIIIII    16186      0        
      [integer]   Mean : 0.2                  4 :   763 ( 4.7%)                              (100.0%)   (0.0%)   
                  Max  : 4                                                                                       

62    drpptran    Min  : 0                    0 : 16172 (99.9%)       IIIIIIIIIIIIIIIIIII    16186      0        
      [integer]   Mean : 0                    1 :    14 ( 0.1%)                              (100.0%)   (0.0%)   
                  Max  : 1                                                                                       

63    drpccare    Min  : 0                    0 : 16166 (99.9%)       IIIIIIIIIIIIIIIIIII    16186      0        
      [integer]   Mean : 0                    2 :    20 ( 0.1%)                              (100.0%)   (0.0%)   
                  Max  : 2                                                                                       

64    drpschol    Min  : 0                    0 : 16132 (99.7%)       IIIIIIIIIIIIIIIIIII    16186      0        
      [integer]   Mean : 0                    3 :    54 ( 0.3%)                              (100.0%)   (0.0%)   
                  Max  : 3                                                                                       

65    drpteduc    Min  : 0                    0 : 16181 (100.0%)      IIIIIIIIIIIIIIIIIII    16186      0        
      [integer]   Mean : 0                    4 :     5 (  0.0%)                             (100.0%)   (0.0%)   
                  Max  : 4                                                                                       

66    dropwork    Min  : 0                    0 : 16139 (99.7%)       IIIIIIIIIIIIIIIIIII    16186      0        
      [integer]   Mean : 0                    5 :    47 ( 0.3%)                              (100.0%)   (0.0%)   
                  Max  : 5                                                                                       

67    dropothe    Min  : 0                    0 : 16179 (100.0%)      IIIIIIIIIIIIIIIIIII    16186      0        
      [integer]   Mean : 0                    6 :     7 (  0.0%)                             (100.0%)   (0.0%)   
                  Max  : 6                                                                                       

68    dropdwel    Min  : 0                    0 : 16064 (99.2%)       IIIIIIIIIIIIIIIIIII    16186      0        
      [integer]   Mean : 0.1                  7 :   122 ( 0.8%)                              (100.0%)   (0.0%)   
                  Max  : 7                                                                                       

69    nodropof    Min  : 0                    0 : 15699 (97.0%)       IIIIIIIIIIIIIIIIIII    16186      0        
      [integer]   Mean : 0.2                  7 :   487 ( 3.0%)                              (100.0%)   (0.0%)   
                  Max  : 7                                                                                       

70    droptime    Mean (sd) : 0 (1)           0 : 16089 (99.4%)       IIIIIIIIIIIIIIIIIII    16186      0        
      [integer]   min < med < max:            1 :    21 ( 0.1%)                              (100.0%)   (0.0%)   
                  0 < 0 < 73                  2 :     6 ( 0.0%)                                                  
                  IQR (CV) : 0 (19.2)         3 :     2 ( 0.0%)                                                  
                                              4 :     1 ( 0.0%)                                                  
                                              5 :    20 ( 0.1%)                                                  
                                              6 :     2 ( 0.0%)                                                  
                                              7 :     1 ( 0.0%)                                                  
                                              10 :    26 ( 0.2%)                                                 
                                              15 :    11 ( 0.1%)                                                 
                                              20 :     4 ( 0.0%)                                                 
                                              30 :     1 ( 0.0%)                                                 
                                              35 :     1 ( 0.0%)                                                 
                                              73 :     1 ( 0.0%)                                                 

71    triptime    Mean (sd) : 0.4 (4.6)       20 distinct values      :                      16186      0        
      [integer]   min < med < max:                                    :                      (100.0%)   (0.0%)   
                  0 < 0 < 145                                         :                                          
                  IQR (CV) : 0 (12.3)                                 :                                          
                                                                      :                                          

72    deptime     Mean (sd) : 86.8 (272.8)    113 distinct values     :                      16186      0        
      [integer]   min < med < max:                                    :                      (100.0%)   (0.0%)   
                  0 < 0 < 2400                                        :                                          
                  IQR (CV) : 0 (3.1)                                  :                                          
                                                                      :     .                                    

73    disdwcbd    Mean (sd) : 2 (9.7)         67 distinct values      :                      16186      0        
      [integer]   min < med < max:                                    :                      (100.0%)   (0.0%)   
                  0 < 0 < 500                                         :                                          
                  IQR (CV) : 0 (4.8)                                  :                                          
                                                                      :                                          

74    vehstatu    Mean (sd) : 0.1 (0.3)       0 : 15385 (95.1%)       IIIIIIIIIIIIIIIIIII    16186      0        
      [integer]   min < med < max:            1 :   698 ( 4.3%)                              (100.0%)   (0.0%)   
                  0 < 0 < 3                   2 :    42 ( 0.3%)                                                  
                  IQR (CV) : 0 (4.9)          3 :    61 ( 0.4%)                                                  

75    chawktr     Mean (sd) : 1.7 (0.6)       0 :  1734 (10.7%)       II                     16186      0        
      [integer]   min < med < max:            1 :  1296 ( 8.0%)       I                      (100.0%)   (0.0%)   
                  0 < 2 < 2                   2 : 13156 (81.3%)       IIIIIIIIIIIIIIII                           
                  IQR (CV) : 0 (0.4)                                                                             

76    chadwtr     Mean (sd) : 1.7 (0.6)       0 :  1742 (10.8%)       II                     16186      0        
      [integer]   min < med < max:            1 :  1260 ( 7.8%)       I                      (100.0%)   (0.0%)   
                  0 < 2 < 2                   2 : 13184 (81.5%)       IIIIIIIIIIIIIIII                           
                  IQR (CV) : 0 (0.4)                                                                             

77    splength    Mean (sd) : 1.5 (0.7)       1 : 10650 (65.8%)       IIIIIIIIIIIII          16186      0        
      [integer]   min < med < max:            2 :  3180 (19.6%)       III                    (100.0%)   (0.0%)   
                  1 < 1 < 3                   3 :  2356 (14.6%)       II                                         
                  IQR (CV) : 1 (0.5)                                                                             

78    time        Mean (sd) : 19 (12.7)       0 : 1730 (10.7%)        II                     16186      0        
      [integer]   min < med < max:            10 : 2597 (16.0%)       III                    (100.0%)   (0.0%)   
                  0 < 15 < 70                 12 :  799 ( 4.9%)                                                  
                  IQR (CV) : 15 (0.7)         15 : 3401 (21.0%)       IIII                                       
                                              20 : 3088 (19.1%)       III                                        
                                              25 : 1269 ( 7.8%)       I                                          
                                              30 : 1244 ( 7.7%)       I                                          
                                              35 :  350 ( 2.2%)                                                  
                                              37 :  416 ( 2.6%)                                                  
                                              40 :  352 ( 2.2%)                                                  
                                              45 :  586 ( 3.6%)                                                  
                                              55 :  177 ( 1.1%)                                                  
                                              70 :  177 ( 1.1%)                                                  

79    timevar     Mean (sd) : 0.9 (1.9)       0 : 11367 (70.2%)       IIIIIIIIIIIIII         16186      0        
      [integer]   min < med < max:            1 :  1557 ( 9.6%)       I                      (100.0%)   (0.0%)   
                  0 < 0 < 7                   2 :  1030 ( 6.4%)       I                                          
                  IQR (CV) : 1 (2)            4 :  1029 ( 6.4%)       I                                          
                                              6 :   790 ( 4.9%)                                                  
                                              7 :   413 ( 2.6%)                                                  

80    toll        Mean (sd) : 0.4 (1)         0.00 : 13527 (83.6%)    IIIIIIIIIIIIIIII       16186      0        
      [numeric]   min < med < max:            1.00 :   560 ( 3.5%)                           (100.0%)   (0.0%)   
                  0 < 0 < 6                   1.50 :   561 ( 3.5%)                                               
                  IQR (CV) : 0 (2.7)          2.00 :   746 ( 4.6%)                                               
                                              3.00 :   327 ( 2.0%)                                               
                                              4.00 :   179 ( 1.1%)                                               
                                              4.50 :   142 ( 0.9%)                                               
                                              6.00 :   144 ( 0.9%)                                               

81    tollpred    Mean (sd) : 0.2 (0.6)       0 : 13783 (85.2%)       IIIIIIIIIIIIIIIII      16186      0        
      [integer]   min < med < max:            1 :  1199 ( 7.4%)       I                      (100.0%)   (0.0%)   
                  0 < 0 < 2                   2 :  1204 ( 7.4%)       I                                          
                  IQR (CV) : 0 (2.5)                                                                             

82    fuel        Mean (sd) : 2 (3)           0 : 8958 (55.3%)        IIIIIIIIIII            16186      0        
      [integer]   min < med < max:            1 :  800 ( 4.9%)                               (100.0%)   (0.0%)   
                  0 < 0 < 15                  2 : 1021 ( 6.3%)        I                                          
                  IQR (CV) : 3 (1.5)          3 : 1758 (10.9%)        II                                         
                                              4 : 1030 ( 6.4%)        I                                          
                                              5 :  786 ( 4.9%)                                                   
                                              6 :  653 ( 4.0%)                                                   
                                              8 :  238 ( 1.5%)                                                   
                                              9 :  351 ( 2.2%)                                                   
                                              10 :  239 ( 1.5%)                                                  
                                              12 :  175 ( 1.1%)                                                  
                                              15 :  177 ( 1.1%)                                                  

83    parking     Mean (sd) : 4.5 (7.4)       0 : 11365 (70.2%)       IIIIIIIIIIIIII         16186      0        
      [integer]   min < med < max:            10 :  2408 (14.9%)      II                     (100.0%)   (0.0%)   
                  0 < 0 < 20                  20 :  2413 (14.9%)      II                                         
                  IQR (CV) : 10 (1.7)                                                                            

84    freq        Mean (sd) : 6.7 (9.2)       0 : 8958 (55.3%)        IIIIIIIIIII            16186      0        
      [integer]   min < med < max:            5 : 2410 (14.9%)        II                     (100.0%)   (0.0%)   
                  0 < 0 < 25                  15 : 2417 (14.9%)       II                                         
                  IQR (CV) : 15 (1.4)         25 : 2401 (14.8%)       II                                         

85    fare        Mean (sd) : 1.6 (2.1)       0 : 8958 (55.3%)        IIIIIIIIIII            16186      0        
      [integer]   min < med < max:            1 : 1584 ( 9.8%)        I                      (100.0%)   (0.0%)   
                  0 < 0 < 7                   2 :  478 ( 3.0%)                                                   
                  IQR (CV) : 3 (1.4)          3 : 1934 (11.9%)        II                                         
                                              4 :  475 ( 2.9%)                                                   
                                              5 : 1929 (11.9%)        II                                         
                                              6 :  475 ( 2.9%)                                                   
                                              7 :  353 ( 2.2%)                                                   

86    start24     Mean (sd) : 825.1 (309.6)   212 distinct values         :                  15724      462      
      [integer]   min < med < max:                                        :                  (97.1%)    (2.9%)   
                  200 < 745 < 2400                                        :                                      
                  IQR (CV) : 130 (0.4)                                  . :                                      
                                                                        : : .                                    

87    acctime     Mean (sd) : 5.1 (7.6)       0 : 8958 (55.3%)        IIIIIIIIIII            16186      0        
      [integer]   min < med < max:            4 :  483 ( 3.0%)                               (100.0%)   (0.0%)   
                  0 < 0 < 25                  5 : 1926 (11.9%)        II                                         
                  IQR (CV) : 6 (1.5)          6 :  803 ( 5.0%)                                                   
                                              8 : 1070 ( 6.6%)        I                                          
                                              15 : 1604 ( 9.9%)       I                                          
                                              25 : 1342 ( 8.3%)       I                                          

88    eggtime     Mean (sd) : 5.2 (7.7)       0 : 8958 (55.3%)        IIIIIIIIIII            16186      0        
      [integer]   min < med < max:            4 :  433 ( 2.7%)                               (100.0%)   (0.0%)   
                  0 < 0 < 25                  5 : 1972 (12.2%)        II                                         
                  IQR (CV) : 8 (1.5)          6 :  723 ( 4.5%)                                                   
                                              8 : 1040 ( 6.4%)        I                                          
                                              15 : 1689 (10.4%)       II                                         
                                              25 : 1371 ( 8.5%)       I                                          

89    hweight     Mean (sd) : 1 (0.4)         57 distinct values          :                  16186      0        
      [numeric]   min < med < max:                                      : : .                (100.0%)   (0.0%)   
                  0.1 < 1 < 3.4                                         : : :                                    
                  IQR (CV) : 0.5 (0.4)                                  : : :                                    
                                                                      . : : : : .                                

90    numbvehs    Mean (sd) : 1.7 (1)         0 : 1382 ( 8.5%)        I                      16186      0        
      [integer]   min < med < max:            1 : 5704 (35.2%)        IIIIIII                (100.0%)   (0.0%)   
                  0 < 2 < 6                   2 : 5730 (35.4%)        IIIIIII                                    
                  IQR (CV) : 1 (0.6)          3 : 2552 (15.8%)        III                                        
                                              4 :  660 ( 4.1%)                                                   
                                              5 :  130 ( 0.8%)                                                   
                                              6 :   28 ( 0.2%)                                                   

91    hldincom    Mean (sd) : 6.1 (2.4)       1 :   54 ( 0.4%)                               15338      848      
      [integer]   min < med < max:            2 :  466 ( 3.0%)                               (94.8%)    (5.2%)   
                  1 < 6 < 12                  3 :  982 ( 6.4%)        I                                          
                  IQR (CV) : 4 (0.4)          4 : 2938 (19.2%)        III                                        
                                              5 : 2682 (17.5%)        III                                        
                                              6 : 2234 (14.6%)        II                                         
                                              7 : 1846 (12.0%)        II                                         
                                              8 : 1488 ( 9.7%)        I                                          
                                              9 :  908 ( 5.9%)        I                                          
                                              10 :  772 ( 5.0%)       I                                          
                                              11 :  560 ( 3.7%)                                                  
                                              12 :  408 ( 2.7%)                                                  

92    nhldbcar    Mean (sd) : 0.1 (0.4)       0 : 14924 (92.2%)       IIIIIIIIIIIIIIIIII     16186      0        
      [integer]   min < med < max:            1 :   890 ( 5.5%)       I                      (100.0%)   (0.0%)   
                  0 < 0 < 6                   2 :   294 ( 1.8%)                                                  
                  IQR (CV) : 0 (3.9)          3 :    64 ( 0.4%)                                                  
                                              6 :    14 ( 0.1%)                                                  

93    ncompcar    Mean (sd) : 0.1 (0.3)       0 : 14550 (89.9%)       IIIIIIIIIIIIIIIII      16186      0        
      [integer]   min < med < max:            1 :  1622 (10.0%)       II                     (100.0%)   (0.0%)   
                  0 < 0 < 2                   2 :    14 ( 0.1%)                                                  
                  IQR (CV) : 0 (3)                                                                               

94    ndrivlic    Mean (sd) : 2 (1)           0 :  606 ( 3.7%)                               16186      0        
      [integer]   min < med < max:            1 : 3984 (24.6%)        IIII                   (100.0%)   (0.0%)   
                  0 < 2 < 7                   2 : 7936 (49.0%)        IIIIIIIII                                  
                  IQR (CV) : 1 (0.5)          3 : 2456 (15.2%)        III                                        
                                              4 : 1030 ( 6.4%)        I                                          
                                              5 :  132 ( 0.8%)                                                   
                                              6 :   28 ( 0.2%)                                                   
                                              7 :   14 ( 0.1%)                                                   

95    hldsize     Mean (sd) : 2.9 (1.4)       1 : 2496 (15.4%)        III                    16186      0        
      [integer]   min < med < max:            2 : 5004 (30.9%)        IIIIII                 (100.0%)   (0.0%)   
                  1 < 3 < 8                   3 : 3464 (21.4%)        IIII                                       
                  IQR (CV) : 2 (0.5)          4 : 3308 (20.4%)        IIII                                       
                                              5 : 1378 ( 8.5%)        I                                          
                                              6 :  366 ( 2.3%)                                                   
                                              7 :  142 ( 0.9%)                                                   
                                              8 :   28 ( 0.2%)                                                   

96    nworkers    Mean (sd) : 1.8 (0.8)       1 : 6602 (40.8%)        IIIIIIII               16186      0        
      [integer]   min < med < max:            2 : 7424 (45.9%)        IIIIIIIII              (100.0%)   (0.0%)   
                  1 < 2 < 5                   3 : 1636 (10.1%)        II                                         
                  IQR (CV) : 1 (0.4)          4 :  448 ( 2.8%)                                                   
                                              5 :   76 ( 0.5%)                                                   

97    wkremply    Mean (sd) : 1.3 (0.6)       0 :    28 ( 0.2%)                              16186      0        
      [integer]   min < med < max:            1 : 12014 (74.2%)       IIIIIIIIIIIIII         (100.0%)   (0.0%)   
                  0 < 1 < 3                   2 :  3116 (19.3%)       III                                        
                  IQR (CV) : 1 (0.4)          3 :  1028 ( 6.4%)       I                                          

98    wkroccup    Mean (sd) : 3.9 (2.4)       0 :  134 ( 0.8%)                               16186      0        
      [integer]   min < med < max:            1 : 2738 (16.9%)        III                    (100.0%)   (0.0%)   
                  0 < 4 < 9                   2 : 3720 (23.0%)        IIII                                       
                  IQR (CV) : 4 (0.6)          3 : 1228 ( 7.6%)        I                                          
                                              4 : 1656 (10.2%)        II                                         
                                              5 : 2180 (13.5%)        II                                         
                                              6 : 1806 (11.2%)        II                                         
                                              7 :  966 ( 6.0%)        I                                          
                                              8 : 1498 ( 9.3%)        I                                          
                                              9 :  260 ( 1.6%)                                                   

99    perage      Mean (sd) : 38.6 (11.2)     55 distinct values          . :                15352      834      
      [integer]   min < med < max:                                        : : : .            (94.8%)    (5.2%)   
                  16 < 39 < 79                                          : : : : :                                
                  IQR (CV) : 17 (0.3)                                 : : : : : : .                              
                                                                      : : : : : : : .                            

100   drivlic     Mean (sd) : 1.1 (0.3)       0 :    52 ( 0.3%)                              16186      0        
      [integer]   min < med < max:            1 : 14944 (92.3%)       IIIIIIIIIIIIIIIIII     (100.0%)   (0.0%)   
                  0 < 1 < 3                   2 :  1176 ( 7.3%)       I                                          
                  IQR (CV) : 0 (0.3)          3 :    14 ( 0.1%)                                                  

101   pincome     Mean (sd) : 32.6 (16.9)     0 :  735 ( 4.5%)                               16155      31       
      [integer]   min < med < max:            2 :  134 ( 0.8%)                               (99.8%)    (0.2%)   
                  0 < 25 < 80                 9 :  982 ( 6.1%)        I                                          
                  IQR (CV) : 20 (0.5)         25 : 6614 (40.9%)       IIIIIIII                                   
                                              35 : 3522 (21.8%)       IIII                                       
                                              45 : 2066 (12.8%)       II                                         
                                              55 : 1052 ( 6.5%)       I                                          
                                              65 :  370 ( 2.3%)                                                  
                                              80 :  680 ( 4.2%)                                                  

102   persex      Mean (sd) : 0.8 (1.2)       -1 : 4208 (26.0%)       IIIII                  16186      0        
      [integer]   min < med < max:            1 : 6606 (40.8%)        IIIIIIII               (100.0%)   (0.0%)   
                  -1 < 1 < 2                  2 : 5372 (33.2%)        IIIIII                                     
                  IQR (CV) : 3 (1.4)                                                                             

103   pereduc     Mean (sd) : 3.9 (0.9)       2 :  244 ( 2.1%)                               11840      4346     
      [integer]   min < med < max:            3 : 4744 (40.1%)        IIIIIIII               (73.1%)    (26.9%)  
                  2 < 4 < 5                   4 : 3032 (25.6%)        IIIII                                      
                  IQR (CV) : 2 (0.2)          5 : 3820 (32.3%)        IIIIII                                     

104   acceggt     Mean (sd) : 10.3 (13.7)     19 distinct values      :                      16186      0        
      [integer]   min < med < max:                                    :                      (100.0%)   (0.0%)   
                  0 < 0 < 50                                          :                                          
                  IQR (CV) : 20 (1.3)                                 :                                          
                                                                      : . : : . :   .                            

105   can         Mean (sd) : -0.1 (0.5)      -1 :  2562 (15.8%)      III                    16186      0        
      [integer]   min < med < max:            0 : 11948 (73.8%)       IIIIIIIIIIIIII         (100.0%)   (0.0%)   
                  -1 < 0 < 1                  1 :  1676 (10.4%)       II                                         
                  IQR (CV) : 0 (-9.3)                                                                            

106   syd         Mean (sd) : 0 (0.6)         -1 :  2562 (15.8%)      III                    16186      0        
      [integer]   min < med < max:            0 : 10350 (63.9%)       IIIIIIIIIIII           (100.0%)   (0.0%)   
                  -1 < 0 < 1                  1 :  3274 (20.2%)       IIII                                       
                  IQR (CV) : 0 (13.6)                                                                            

107   mel         Mean (sd) : 0 (0.6)         -1 :  2562 (15.8%)      III                    16186      0        
      [integer]   min < med < max:            0 : 10409 (64.3%)       IIIIIIIIIIII           (100.0%)   (0.0%)   
                  -1 < 0 < 1                  1 :  3215 (19.9%)       III                                        
                  IQR (CV) : 0 (14.8)                                                                            

108   brs         Mean (sd) : 0 (0.6)         -1 :  2562 (15.8%)      III                    16186      0        
      [integer]   min < med < max:            0 : 10383 (64.1%)       IIIIIIIIIIII           (100.0%)   (0.0%)   
                  -1 < 0 < 1                  1 :  3241 (20.0%)       IIII                                       
                  IQR (CV) : 0 (14.2)                                                                            

109   adl         Mean (sd) : 0 (0.5)         -1 :  2562 (15.8%)      III                    16186      0        
      [integer]   min < med < max:            0 : 11406 (70.5%)       IIIIIIIIIIIIII         (100.0%)   (0.0%)   
                  -1 < 0 < 1                  1 :  2218 (13.7%)       II                                         
                  IQR (CV) : 0 (-25.6)                                                                           
-----------------------------------------------------------------------------------------------------------------
