Codefile:hrg03_mnl01.r 


codebookentries('altij',asm)

altij[] (Length:9476, # of nonmissing elements:9476)
  Frequency PctShare LevelCode LevelText
1      2369       25         1      CART
2      2369       25         2     CARNT
3      1039       11         3       BUS
4      1089       11         4        TR
5      1280       14         5        BW
6      1330       14         6        LR


database <- apollo_longToWide(asm,  longToWide_settings) # saves wide data in database. delete 'invisible(capture.output(' for description of reshaping

Data successfully turned from long to wide format.

Long data had 6 unique alternatives
Alternative names were: CART CARNT TR LR BW BUS

The following notation was used for the wide format:
For alternative j, the following naming convention has been adopted:
    Attributes:    time_j timevar_j toll_j tollpred_j fuel_j parking_j freq_j fare_j
    Availability:  avail_j
The choice variable is included in column choice_new.
                        time       timevar       toll       tollpred       fuel       parking       freq       fare Availability choice_new
Alternative CART   time_CART  timevar_CART  toll_CART  tollpred_CART  fuel_CART  parking_CART  freq_CART  fare_CART   avail_CART          1
Alternative CARNT time_CARNT timevar_CARNT toll_CARNT tollpred_CARNT fuel_CARNT parking_CARNT freq_CARNT fare_CARNT  avail_CARNT          2
Alternative TR       time_TR    timevar_TR    toll_TR    tollpred_TR    fuel_TR    parking_TR    freq_TR    fare_TR     avail_TR          3
Alternative LR       time_LR    timevar_LR    toll_LR    tollpred_LR    fuel_LR    parking_LR    freq_LR    fare_LR     avail_LR          4
Alternative BW       time_BW    timevar_BW    toll_BW    tollpred_BW    fuel_BW    parking_BW    freq_BW    fare_BW     avail_BW          5
Alternative BUS     time_BUS   timevar_BUS   toll_BUS   tollpred_BUS   fuel_BUS   parking_BUS   freq_BUS   fare_BUS    avail_BUS          6


Overview of choice data
                  Available Chosen
Alternative CART       2369    600
Alternative CARNT      2369    658
Alternative TR         1089    243
Alternative LR         1330    305
Alternative BW         1280    319
Alternative BUS        1039    244


DATABASE (asm RESHAPED TO WIDE FORM W apollo_longToWide with 
           choice_newc = as.character(factor(as.vector(choice_new), levels = 1:6, 
             labels = c('CART','CARNT','TR','BW','LR','BUS')))
# A tibble: 2,369 × 11
      id spexp avail_CART avail_CARNT avail_TR avail_LR avail_BW avail_BUS choice_new[,1] choice_newn choice_newc
   <int> <dbl>      <dbl>       <dbl>    <dbl>    <dbl>    <dbl>     <dbl>          <dbl>       <dbl> <chr>      
 1  1000     1          1           1        1        1        0         0              2           2 CARNT      
 2  1000     2          1           1        0        1        1         0              4           4 LR         
 3  1000     3          1           1        1        0        0         1              3           3 TR         
 4  1001     1          1           1        1        1        0         0              2           2 CARNT      
 5  1001     2          1           1        1        0        0         1              1           1 CART       
 6  1001     3          1           1        0        1        1         0              4           4 LR         
 7  1002     1          1           1        1        1        0         0              2           2 CARNT      
 8  1002     2          1           1        0        1        1         0              1           1 CART       
 9  1002     3          1           1        1        0        0         1              6           6 BUS        
10  1004     1          1           1        0        0        1         1              2           2 CARNT      
11  1004     2          1           1        0        1        1         0              1           1 CART       
12  1004     3          1           1        0        0        1         1              1           1 CART       
13  1005     1          1           1        1        1        0         0              2           2 CARNT      
14  1005     2          1           1        0        1        1         0              1           1 CART       
15  1005     3          1           1        1        0        0         1              1           1 CART       
16  1006     1          1           1        0        1        1         0              1           1 CART       
17  1006     2          1           1        1        1        0         0              3           3 TR         
18  1006     3          1           1        1        0        0         1              3           3 TR         
19  1008     1          1           1        0        0        1         1              5           5 BW         
20  1008     2          1           1        0        1        1         0              5           5 BW         
# ℹ 2,349 more rows
# ℹ Use `print(n = ...)` to see more rows


apollo_modelOutput(model)
Model run by Brosig using Apollo 0.3.5 on R 4.4.3 for Windows.
Please acknowledge the use of Apollo by citing Hess & Palma (2019)
  DOI 10.1016/j.jocm.2019.100170
  www.ApolloChoiceModelling.com

Model name                                  : hrg03_mnl01
Model description                           : hrg03a_mnl01: Replication of hrg Ch 10.3(p. 316f) MNL result
Model run at                                : 2025-04-25 07:45:26.493611
Estimation method                           : bgw
Model diagnosis                             : Relative function convergence
Optimisation diagnosis                      : Maximum found
     hessian properties                     : Negative definite
     maximum eigenvalue                     : -42.59431
     reciprocal of condition number         : 0.0100573
Number of individuals                       : 795
Number of rows in database                  : 2369
Number of modelled outcomes                 : 2369

Number of cores used                        :  1 
Model without mixing

LL(start)                                   : -3223.19
LL at equal shares, LL(0)                   : -3284.13
LL at observed shares, LL(C)                : -4039.69
LL(final)                                   : -3220.15
Rho-squared vs equal shares                  :  0.0195 
Adj.Rho-squared vs equal shares              :  0.0177 
Rho-squared vs observed shares               :  0.2029 
Adj.Rho-squared vs observed shares           :  0.2026 
AIC                                         :  6452.3 
BIC                                         :  6486.92 

Estimated parameters                        : 6
Time taken (hh:mm:ss)                       :  00:00:0.85 
     pre-estimation                         :  00:00:0.36 
     estimation                             :  00:00:0.12 
     post-estimation                        :  00:00:0.37 
Iterations                                  :  4  

Unconstrained optimisation.

Estimates:
             Estimate        s.e.   t.rat.(0)    Rob.s.e. Rob.t.rat.(0)
asc_cart     -0.08253     0.07553     -1.0927     0.08725       -0.9458
b_cost       -0.20181     0.01917    -10.5277     0.01871      -10.7887
asc_carnt     0.41384     0.07641      5.4164     0.08331        4.9677
asc_bus       0.01966     0.09923      0.1981     0.08885        0.2213
asc_tr       -0.04175     0.09373     -0.4454     0.09727       -0.4292
asc_bw        0.09251     0.08588      1.0772     0.09314        0.9932
asc_lr        0.00000          NA          NA          NA            NA


Overview of choices for MNL model component :
                                    CART   CARNT      TR      LR      BW     BUS
Times available                  2369.00 2369.00 1089.00 1330.00 1280.00 1039.00
Times chosen                      600.00  658.00  243.00  305.00  319.00  244.00
Percentage chosen overall          25.33   27.78   10.26   12.87   13.47   10.30
Percentage chosen when available   25.33   27.78   22.31   22.93   24.92   23.48


