Codefile:hrg01_imp.r 

Case study data of Hensher/Rose/Greene ACA-Primer, 1st ed, 2005 
    (import from SPRP.txt received from Authors on March 2 2025)

ToC:
    I) (near) replication of Table 9.11 Breakdown by City for the SP and RP data sets (p. 285)
    II)  Codebook ('Data frame summary')


I) (near) replication of HRG2005 Table 9.11 - Breakdown by city for the SP and RP data sets (p. 285)


Data set dimension: 16188 * 109
Data set dimension is consistent with p.287 of the book.

           RP   SP Less than 30 Minutes 30 to 45 minutes over 45 minutes
Sydney    167  246                  123               60              63
Canberra   96  126                  107               13               6
Melbourne 173  239                  148               51              40
Adelaide  119  167                  124               29              14
Brisbane  167  244                  155               56              33
Perth     144  190                  138               31              21
Sum       866 1212                  795              240             177

  The number of RP-respondents (866) conforms with table 9.11. Total number 
of SP respondents (1212) exceeds the figure in table 9.11 (1204). Table 9.11 (=Tab 7.9 in the WordDoc)
indicates lower numbers for Canberra in the group of '<30 minutes' (104) and for Adelaide (122/28/12).


II) Codebook of saved data set (i.e. after removal of 2 records with splength='RP' so as 
  to achieve consistency (16186 Obs)  w Appendix 9B(7B): Mode choice Case Study Data Dictionary)
Data Frame Summary  
asm  
Dimensions: 16186 x 109  
Duplicates: 0  

----------------------------------------------------------------------------------------------------------------------------------------------------------------
No    Variable    Label                                      Stats / Values                  Freqs (% of Valid)      Graph                  Valid      Missing  
----- ----------- ------------------------------------------ ------------------------------- ----------------------- ---------------------- ---------- ---------
1     id          Id                                         Mean (sd) : 3679 (1584.1)       1212 distinct values              :       .    16186      0        
      [integer]                                              min < med < max:                                            : :   :   :   :    (100.0%)   (0.0%)   
                                                             1000 < 3284 < 6503                                      :   : :   :   :   :                        
                                                             IQR (CV) : 2866 (0.4)                                   : : : : : :   :   :                        
                                                                                                                     : : : : : : : :   :                        

2     city                                                   1. Canberra                     1676 (10.4%)            II                     16186      0        
      [factor]                                               2. Sydney                       3274 (20.2%)            IIII                   (100.0%)   (0.0%)   
                                                             3. Melbourne                    3214 (19.9%)            III                                        
                                                             4. Brisbane                     3242 (20.0%)            IIII                                       
                                                             5. Adelaide                     2218 (13.7%)            II                                         
                                                             6. Perth                        2562 (15.8%)            III                                        

3     sprp        1 = RP 2 =SP                               1. RP                            1730 (10.7%)           II                     16186      0        
      [factor]                                               2. SP                           14456 (89.3%)           IIIIIIIIIIIIIIIII      (100.0%)   (0.0%)   

4     spexp       Experiment number                          1. CHOICE SET 1 (SP)            4816 (29.8%)            IIIII                  16186      0        
      [factor]                                               2. CHOICE SET 2 (SP)            4824 (29.8%)            IIIII                  (100.0%)   (0.0%)   
                                                             3. CHOICE SET 3 (SP)            4816 (29.8%)            IIIII                                      
                                                             4. RP                           1730 (10.7%)            II                                         

5     altisprp    Combined SPRP modes 1-12                   1. DRIVE ALONE (RP)              574 ( 3.5%)                                   16186      0        
      [factor]                                               2. RIDE SHARE (RP)               342 ( 2.1%)                                   (100.0%)   (0.0%)   
                                                             3. BUS (RP)                      267 ( 1.6%)                                                       
                                                             4. TRAIN (RP)                    354 ( 2.2%)                                                       
                                                             5. WALK (RP)                      91 ( 0.6%)                                                       
                                                             6. BICYCLE (RP)                  102 ( 0.6%)                                                       
                                                             7. CAR (TOLL) (SP)              3614 (22.3%)            IIII                                       
                                                             8. CAR (NOT TOLL) (SP)          3614 (22.3%)            IIII                                       
                                                             9. BUS (SP)                     1594 ( 9.8%)            I                                          
                                                             10. TRAIN (SP)                  1641 (10.1%)            II                                         
                                                             11. LIGHT RAIL (SP)             1973 (12.2%)            II                                         
                                                             12. BUSWAY (SP)                 2020 (12.5%)            II                                         

6     altij       SP Mode 1 - 6; RP Mode 1 - 6               Mean (sd) : 3 (1.8)             1 : 4188 (25.9%)        IIIII                  16186      0        
      [integer]                                              min < med < max:                2 : 3956 (24.4%)        IIII                   (100.0%)   (0.0%)   
                                                             1 < 2 < 6                       3 : 1861 (11.5%)        II                                         
                                                             IQR (CV) : 4 (0.6)              4 : 1995 (12.3%)        II                                         
                                                                                             5 : 2064 (12.8%)        II                                         
                                                                                             6 : 2122 (13.1%)        II                                         

7     chsnmode    Mode chosen in RP choice set               1. SP                           14456 (89.3%)           IIIIIIIIIIIIIIIII      16186      0        
      [factor]                                               2. Train (RP)                     192 ( 1.2%)                                  (100.0%)   (0.0%)   
                                                             3. Bus (RP)                       162 ( 1.0%)                                                      
                                                             4. Tram (RP)                        0 ( 0.0%)                                                      
                                                             5. Ferry (RP)                       0 ( 0.0%)                                                      
                                                             6. Taxi (RP)                        0 ( 0.0%)                                                      
                                                             7. Walk (RP)                       40 ( 0.2%)                                                      
                                                             8. Motorbike (RP)                   0 ( 0.0%)                                                      
                                                             9. Bicycle (RP)                    54 ( 0.3%)                                                      
                                                             10. Drive alone (RP)             1010 ( 6.2%)           I                                          
                                                             11. Drive & household passeng     128 ( 0.8%)                                                      
                                                             12. Drive + other passenger (      46 ( 0.3%)                                                      
                                                             13. Drive +household passenge       8 ( 0.0%)                                                      
                                                             14. Passenger household vehic      54 ( 0.3%)                                                      
                                                             15. Passenger other vehicle (      36 ( 0.2%)                                                      

8     altmode     Alternative mode present in RP choice      1. SP                           14456 (89.3%)           IIIIIIIIIIIIIIIII      16186      0        
      [factor]    set                                        2. Train (RP)                     342 ( 2.1%)                                  (100.0%)   (0.0%)   
                                                             3. Bus (RP)                       546 ( 3.4%)                                                      
                                                             4. Tram (RP)                        0 ( 0.0%)                                                      
                                                             5. Ferry (RP)                       0 ( 0.0%)                                                      
                                                             6. Taxi (RP)                        0 ( 0.0%)                                                      
                                                             7. Walk (RP)                      142 ( 0.9%)                                                      
                                                             8. Motorbike (RP)                   0 ( 0.0%)                                                      
                                                             9. Bicycle (RP)                   150 ( 0.9%)                                                      
                                                             10. Drive alone (RP)              138 ( 0.9%)                                                      
                                                             11. Drive & household passeng      50 ( 0.3%)                                                      
                                                             12. Drive + other passenger (      24 ( 0.1%)                                                      
                                                             13. Drive +household passenge       0 ( 0.0%)                                                      
                                                             14. Passenger household vehic     154 ( 1.0%)                                                      
                                                             15. Passenger other vehicle (     184 ( 1.1%)                                                      

9     spchoice    Travel options to work                     1. car with toll (SP)           3212 (19.8%)            III                    16186      0        
      [factor]                                               2. car without toll (SP)        3368 (20.8%)            IIII                   (100.0%)   (0.0%)   
                                                             3. bus (SP)                     1732 (10.7%)            II                                         
                                                             4. train (SP)                   1768 (10.9%)            II                                         
                                                             5. busway (SP)                  2260 (14.0%)            II                                         
                                                             6. light rail (SP)              2116 (13.1%)            II                                         
                                                             7. RP                           1730 (10.7%)            II                                         

10    choice      Chosen mode dummy                          Min  : 0                        0 : 11707 (72.3%)       IIIIIIIIIIIIII         16186      0        
      [integer]                                              Mean : 0.3                      1 :  4479 (27.7%)       IIIII                  (100.0%)   (0.0%)   
                                                             Max  : 1                                                                                           

11    cset        Choice set size                            Min  : 2                        2 :  1730 (10.7%)       II                     16186      0        
      [integer]                                              Mean : 3.8                      4 : 14456 (89.3%)       IIIIIIIIIIIIIIIII      (100.0%)   (0.0%)   
                                                             Max  : 4                                                                                           

12    rpda        Mode chosen dummy - drive alone            Min  : 0                        0 :  720 (41.6%)        IIIIIIII               1730       14456    
      [integer]                                              Mean : 0.6                      1 : 1010 (58.4%)        IIIIIIIIIII            (10.7%)    (89.3%)  
                                                             Max  : 1                                                                                           

13    rprs        Mode chosen dummy - ride share             Min  : 0                        0 : 1458 (84.3%)        IIIIIIIIIIIIIIII       1730       14456    
      [integer]                                              Mean : 0.2                      1 :  272 (15.7%)        III                    (10.7%)    (89.3%)  
                                                             Max  : 1                                                                                           

14    rpbus       Mode chosen dummy - bus                    Min  : 0                        0 : 1568 (90.6%)        IIIIIIIIIIIIIIIIII     1730       14456    
      [integer]                                              Mean : 0.1                      1 :  162 ( 9.4%)        I                      (10.7%)    (89.3%)  
                                                             Max  : 1                                                                                           

15    rptn        Mode chosen dummy - train                  Min  : 0                        0 : 1538 (88.9%)        IIIIIIIIIIIIIIIII      1730       14456    
      [integer]                                              Mean : 0.1                      1 :  192 (11.1%)        II                     (10.7%)    (89.3%)  
                                                             Max  : 1                                                                                           

16    rpwalk      Mode chosen dummy - walk                   Min  : 0                        0 : 1690 (97.7%)        IIIIIIIIIIIIIIIIIII    1730       14456    
      [integer]                                              Mean : 0                        1 :   40 ( 2.3%)                               (10.7%)    (89.3%)  
                                                             Max  : 1                                                                                           

17    rpbike      Mode chosen dummy - bicycle                Min  : 0                        0 : 1676 (96.9%)        IIIIIIIIIIIIIIIIIII    1730       14456    
      [integer]                                              Mean : 0                        1 :   54 ( 3.1%)                               (10.7%)    (89.3%)  
                                                             Max  : 1                                                                                           

18    spcart      Mode chosen dummy - car with toll          Min  : 0                        0 : 11244 (77.8%)       IIIIIIIIIIIIIII        14456      1730     
      [integer]                                              Mean : 0.2                      1 :  3212 (22.2%)       IIII                   (89.3%)    (10.7%)  
                                                             Max  : 1                                                                                           

19    spcarnt     Mode chosen dummy - car with no toll       Min  : 0                        0 : 11088 (76.7%)       IIIIIIIIIIIIIII        14456      1730     
      [integer]                                              Mean : 0.2                      1 :  3368 (23.3%)       IIII                   (89.3%)    (10.7%)  
                                                             Max  : 1                                                                                           

20    spbus       Mode chosen dummy - bus                    Min  : 0                        0 : 12724 (88.0%)       IIIIIIIIIIIIIIIII      14456      1730     
      [integer]                                              Mean : 0.1                      1 :  1732 (12.0%)       II                     (89.3%)    (10.7%)  
                                                             Max  : 1                                                                                           

21    sptn        Mode chosen dummy - train                  Min  : 0                        0 : 12688 (87.8%)       IIIIIIIIIIIIIIIII      14456      1730     
      [integer]                                              Mean : 0.1                      1 :  1768 (12.2%)       II                     (89.3%)    (10.7%)  
                                                             Max  : 1                                                                                           

22    spbw        Mode chosen dummy - busway                 Min  : 0                        0 : 12196 (84.4%)       IIIIIIIIIIIIIIII       14456      1730     
      [integer]                                              Mean : 0.2                      1 :  2260 (15.6%)       III                    (89.3%)    (10.7%)  
                                                             Max  : 1                                                                                           

23    splr        Mode chosen dummy - light rail             Min  : 0                        0 : 12340 (85.4%)       IIIIIIIIIIIIIIIII      14456      1730     
      [integer]                                              Mean : 0.1                      1 :  2116 (14.6%)       II                     (89.3%)    (10.7%)  
                                                             Max  : 1                                                                                           

24    cn          Alternatives present within choice set     1. Bus - Train (SP)             3292 (20.3%)            IIII                   16186      0        
      [factor]                                               2. Bus - Busway (SP)            3084 (19.1%)            III                    (100.0%)   (0.0%)   
                                                             3. Train - Light Rail (SP)      3272 (20.2%)            IIII                                       
                                                             4. Busway - Light Rail (SP)     4808 (29.7%)            IIIII                                      
                                                             5. Walk and other alternativ    1730 (10.7%)            II                                         

25    spmiss      Decision maker has missing choice sets     Min  : 0                        0 : 16054 (99.2%)       IIIIIIIIIIIIIIIIIII    16186      0        
      [integer]                                              Mean : 0                        1 :   132 ( 0.8%)                              (100.0%)   (0.0%)   
                                                             Max  : 1                                                                                           

26    rpmiss      Decision maker has missing RP data         Min  : 0                        0 : 12046 (74.4%)       IIIIIIIIIIIIII         16186      0        
      [integer]                                              Mean : 0.3                      1 :  4140 (25.6%)       IIIII                  (100.0%)   (0.0%)   
                                                             Max  : 1                                                                                           

27    sprpmiss    Analyst created variable                   1. Use                          11918 (73.7%)           IIIIIIIIIIIIII         16178      8        
      [factor]                                               2. Reject                        4260 (26.3%)           IIIII                  (100.0%)   (0.0%)   

28    rpspwkbk    Walk and/or Bike alternative present in    1. Walk and/or bike alternat    13742 (84.9%)           IIIIIIIIIIIIIIII       16186      0        
      [factor]    RP choice set                              2. Walk and/or bike alternat     2444 (15.1%)           III                    (100.0%)   (0.0%)   

29    rpcar       Car alternative present in RP choice set   1. Ride share and/or drive a    15890 (98.2%)           IIIIIIIIIIIIIIIIIII    16186      0        
      [factor]                                               2. Ride share and/or drive a      296 ( 1.8%)                                  (100.0%)   (0.0%)   

30    beforptr    Point before main point                    1. TRAIN                         38 (19.4%)             III                    196        15990    
      [factor]                                               2. BUS                          133 (67.9%)             IIIIIIIIIIIII          (1.2%)     (98.8%)  
                                                             3. TRAM                           3 ( 1.5%)                                                        
                                                             4. FERRY                          0 ( 0.0%)                                                        
                                                             5. TAXI                          22 (11.2%)             II                                         

31    afterptr    Point after main point                     1. TRAIN                        16 (10.7%)              II                     149        16037    
      [factor]                                               2. BUS                          86 (57.7%)              IIIIIIIIIII            (0.9%)     (99.1%)  
                                                             3. TRAM                         14 ( 9.4%)              I                                          
                                                             4. FERRY                         0 ( 0.0%)                                                         
                                                             5. TAXI                         33 (22.1%)              IIII                                       

32    mptrfare    Cost main form public transport [$]        Mean (sd) : 0.1 (0.7)           84 distinct values      :                      16186      0        
      [numeric]                                              min < med < max:                                        :                      (100.0%)   (0.0%)   
                                                             0 < 0 < 15                                              :                                          
                                                             IQR (CV) : 0 (5.8)                                      :                                          
                                                                                                                     :                                          

33    optrfare    Cost other form public transport [$]       Mean (sd) : 0.1 (0.6)           42 distinct values      :                      16186      0        
      [numeric]                                              min < med < max:                                        :                      (100.0%)   (0.0%)   
                                                             0 < 0 < 17.5                                            :                                          
                                                             IQR (CV) : 0 (9.6)                                      :                                          
                                                                                                                     :                                          

34    homtoptr    Mode of travel from home to first point    1. CAR THEN PARK                 56 ( 9.2%)             I                      607        15579    
      [factor]                                               2. CAR THEN DROPPED OFF          30 ( 4.9%)                                    (3.8%)     (96.2%)  
                                                             3. MOTORBIKE                      0 ( 0.0%)                                                        
                                                             4. WALKED                       511 (84.2%)             IIIIIIIIIIIIIIII                           
                                                             5. TAXI                           5 ( 0.8%)                                                        
                                                             6. BICYCLE                        5 ( 0.8%)                                                        

35    ptrtowk     Last pt to work                            1. CAR THEN PARK                  3 ( 0.5%)                                    605        15581    
      [factor]                                               2. CAR THEN DROPPED OFF           0 ( 0.0%)                                    (3.7%)     (96.3%)  
                                                             3. MOTORBIKE                      0 ( 0.0%)                                                        
                                                             4. WALKED                       591 (97.7%)             IIIIIIIIIIIIIIIIIII                        
                                                             5. TAXI                           9 ( 1.5%)                                                        
                                                             6. BICYCLE                        2 ( 0.3%)                                                        

36    hhldveh     Household vehicle used to point            Mean (sd) : 0 (0.1)             0 : 16059 (99.2%)       IIIIIIIIIIIIIIIIIII    16186      0        
      [integer]                                              min < med < max:                1 :    84 ( 0.5%)                              (100.0%)   (0.0%)   
                                                             0 < 0 < 4                       2 :    31 ( 0.2%)                                                  
                                                             IQR (CV) : 0 (12.8)             3 :     6 ( 0.0%)                                                  
                                                                                             4 :     6 ( 0.0%)                                                  

37    wkkmveh     Vehicle km to/from point                   Mean (sd) : 0.1 (1.1)           22 distinct values      :                      16186      0        
      [integer]                                              min < med < max:                                        :                      (100.0%)   (0.0%)   
                                                             0 < 0 < 60                                              :                                          
                                                             IQR (CV) : 0 (17)                                       :                                          
                                                                                                                     :                                          

38    walktime    Time walking-last trip to work             Mean (sd) : 0.5 (2.9)           27 distinct values      :                      16186      0        
      [integer]                                              min < med < max:                                        :                      (100.0%)   (0.0%)   
                                                             0 < 0 < 90                                              :                                          
                                                             IQR (CV) : 0 (6.2)                                      :                                          
                                                                                                                     :                                          

39    mptrtime    Time on main public transport              Mean (sd) : 1.2 (6.9)           38 distinct values      :                      16186      0        
      [integer]                                              min < med < max:                                        :                      (100.0%)   (0.0%)   
                                                             0 < 0 < 95                                              :                                          
                                                             IQR (CV) : 0 (5.9)                                      :                                          
                                                                                                                     :                                          

40    waittime    Time waiting for public transport          Mean (sd) : 0.4 (2.5)           22 distinct values      :                      16186      0        
      [integer]                                              min < med < max:                                        :                      (100.0%)   (0.0%)   
                                                             0 < 0 < 60                                              :                                          
                                                             IQR (CV) : 0 (6.3)                                      :                                          
                                                                                                                     :                                          

41    optrtime    Time on other public transport             Mean (sd) : 0.2 (2.2)           22 distinct values      :                      16186      0        
      [integer]                                              min < med < max:                                        :                      (100.0%)   (0.0%)   
                                                             0 < 0 < 80                                              :                                          
                                                             IQR (CV) : 0 (9.6)                                      :                                          
                                                                                                                     :                                          

42    autopass    Number & type passengers in car to work    Mean (sd) : 0.1 (0.7)           0 : 15270 (94.3%)       IIIIIIIIIIIIIIIIII     16186      0        
      [integer]                                              min < med < max:                1 :   574 ( 3.5%)                              (100.0%)   (0.0%)   
                                                             0 < 0 < 6                       2 :    89 ( 0.5%)                                                  
                                                             IQR (CV) : 0 (5.4)              3 :    35 ( 0.2%)                                                  
                                                                                             4 :     4 ( 0.0%)                                                  
                                                                                             5 :   104 ( 0.6%)                                                  
                                                                                             6 :   110 ( 0.7%)                                                  

43    maxpass     Maximum number of passengers               Mean (sd) : 0.1 (0.4)           0 : 15290 (94.5%)       IIIIIIIIIIIIIIIIII     16186      0        
      [integer]                                              min < med < max:                1 :   553 ( 3.4%)                              (100.0%)   (0.0%)   
                                                             0 < 0 < 6                       2 :   263 ( 1.6%)                                                  
                                                             IQR (CV) : 0 (4.7)              3 :    51 ( 0.3%)                                                  
                                                                                             4 :    20 ( 0.1%)                                                  
                                                                                             5 :     8 ( 0.0%)                                                  
                                                                                             6 :     1 ( 0.0%)                                                  

44    hldauto     Household vehicle driven to work           Mean (sd) : 0.1 (0.4)           0 : 15381 (95.0%)       IIIIIIIIIIIIIIIIIII    16186      0        
      [integer]                                              min < med < max:                1 :   524 ( 3.2%)                              (100.0%)   (0.0%)   
                                                             0 < 0 < 6                       2 :   218 ( 1.3%)                                                  
                                                             IQR (CV) : 0 (4.9)              3 :    48 ( 0.3%)                                                  
                                                                                             4 :    10 ( 0.1%)                                                  
                                                                                             5 :     4 ( 0.0%)                                                  
                                                                                             6 :     1 ( 0.0%)                                                  

45    autona      Car not applicable                         Min  : -1                       -1 : 16073 (99.3%)      IIIIIIIIIIIIIIIIIII    16186      0        
      [integer]                                              Mean : -1                       1 :   113 ( 0.7%)                              (100.0%)   (0.0%)   
                                                             Max  : 1                                                                                           

46    automake    Make/model of vehicle driven to work       Mean (sd) : 193 (973.7)         158 distinct values     :                      16186      0        
      [integer]                                              min < med < max:                                        :                      (100.0%)   (0.0%)   
                                                             0 < 0 < 9620                                            :                                          
                                                             IQR (CV) : 0 (5)                                        :                                          
                                                                                                                     :                                          

47    autoyear    Year manufacture of car driven to work     Mean (sd) : 4.2 (18.4)          35 distinct values      :                      16186      0        
      [integer]                                              min < med < max:                                        :                      (100.0%)   (0.0%)   
                                                             0 < 0 < 94                                              :                                          
                                                             IQR (CV) : 0 (4.4)                                      :                                          
                                                                                                                     :                                          

48    autowkkm    Distance travelled by car to work          Mean (sd) : 0.9 (5)             60 distinct values      :                      16186      0        
      [integer]                                              min < med < max:                                        :                      (100.0%)   (0.0%)   
                                                             0 < 0 < 101                                             :                                          
                                                             IQR (CV) : 0 (5.6)                                      :                                          
                                                                                                                     :                                          

49    autotime    Time spent travelling by car to work       Mean (sd) : 1.3 (6.6)           34 distinct values      :                      16186      0        
      [integer]                                              min < med < max:                                        :                      (100.0%)   (0.0%)   
                                                             0 < 0 < 120                                             :                                          
                                                             IQR (CV) : 0 (5)                                        :                                          
                                                                                                                     :                                          

50    autowktm    Time in car to work                        Mean (sd) : 0.1 (0.7)           0 : 15914 (98.3%)       IIIIIIIIIIIIIIIIIII    16186      0        
      [integer]                                              min < med < max:                1 :   148 ( 0.9%)                              (100.0%)   (0.0%)   
                                                             0 < 0 < 51                      2 :    41 ( 0.3%)                                                  
                                                             IQR (CV) : 0 (13.5)             3 :     8 ( 0.0%)                                                  
                                                                                             4 :     2 ( 0.0%)                                                  
                                                                                             5 :    45 ( 0.3%)                                                  
                                                                                             6 :     2 ( 0.0%)                                                  
                                                                                             8 :     1 ( 0.0%)                                                  
                                                                                             10 :    17 ( 0.1%)                                                 
                                                                                             15 :     3 ( 0.0%)                                                 
                                                                                             16 :     1 ( 0.0%)                                                 
                                                                                             20 :     3 ( 0.0%)                                                 
                                                                                             51 :     1 ( 0.0%)                                                 

51    autwkwlk    Walk-from car to work                      Min  : -1                       -1 : 15297 (94.5%)      IIIIIIIIIIIIIIIIII     16186      0        
      [integer]                                              Mean : -0.9                     1 :   889 ( 5.5%)       I                      (100.0%)   (0.0%)   
                                                             Max  : 1                                                                                           

52    autwkbus    Bus-from car to work                       Min  : 0                        0 : 16179 (100.0%)      IIIIIIIIIIIIIIIIIII    16186      0        
      [integer]                                              Mean : 0                        2 :     7 (  0.0%)                             (100.0%)   (0.0%)   
                                                             Max  : 2                                                                                           

53    autwktrn    Train-from car to work                     1 distinct value                0 : 16186 (100.0%)      IIIIIIIIIIIIIIIIIIII   16186      0        
      [integer]                                                                                                                             (100.0%)   (0.0%)   

54    autwkoth    Other mode-from car to work                Min  : 0                        0 : 16179 (100.0%)      IIIIIIIIIIIIIIIIIII    16186      0        
      [integer]                                              Mean : 0                        4 :     7 (  0.0%)                             (100.0%)   (0.0%)   
                                                             Max  : 4                                                                                           

55    vehppark    Paid parking on last trip to work          Min  : -1                       -1 : 16103 (99.5%)      IIIIIIIIIIIIIIIIIII    16186      0        
      [integer]                                              Mean : -1                       1 :    83 ( 0.5%)                              (100.0%)   (0.0%)   
                                                             Max  : 1                                                                                           

56    vehprkct    Cost of parking on last trip to work       Mean (sd) : 0 (0.3)             37 distinct values      :                      16186      0        
      [numeric]                                              min < med < max:                                        :                      (100.0%)   (0.0%)   
                                                             0 < 0 < 14                                              :                                          
                                                             IQR (CV) : 0 (20.8)                                     :                                          
                                                                                                                     :                                          

57    vehptoll    Paid toll on last trip to work             Min  : 0                        0 : 16174 (99.9%)       IIIIIIIIIIIIIIIIIII    16186      0        
      [integer]                                              Mean : 0                        2 :    12 ( 0.1%)                              (100.0%)   (0.0%)   
                                                             Max  : 2                                                                                           

58    vehtolct    Toll costs on last trip to work            Mean (sd) : 0 (0.1)             0.00 : 16171 (99.9%)    IIIIIIIIIIIIIIIIIII    16186      0        
      [numeric]                                              min < med < max:                0.02 :     1 ( 0.0%)                           (100.0%)   (0.0%)   
                                                             0 < 0 < 6                       0.03 :     1 ( 0.0%)                                               
                                                             IQR (CV) : 0 (44.7)             0.04 :     1 ( 0.0%)                                               
                                                                                             0.20 :     1 ( 0.0%)                                               
                                                                                             0.30 :     1 ( 0.0%)                                               
                                                                                             1.50 :     2 ( 0.0%)                                               
                                                                                             2.00 :     7 ( 0.0%)                                               
                                                                                             6.00 :     1 ( 0.0%)                                               

59    vehpothe    Paid other on last trip to work            Min  : 0                        0 : 16159 (99.8%)       IIIIIIIIIIIIIIIIIII    16186      0        
      [integer]                                              Mean : 0                        3 :    27 ( 0.2%)                              (100.0%)   (0.0%)   
                                                             Max  : 3                                                                                           

60    vehothct    Other costs on last car trip to work       Mean (sd) : 0 (0.2)             0.00 : 16162 (99.9%)    IIIIIIIIIIIIIIIIIII    16186      0        
      [numeric]                                              min < med < max:                0.02 :     2 ( 0.0%)                           (100.0%)   (0.0%)   
                                                             0 < 0 < 20                      0.05 :     1 ( 0.0%)                                               
                                                             IQR (CV) : 0 (39.7)             0.10 :     2 ( 0.0%)                                               
                                                                                             0.20 :     1 ( 0.0%)                                               
                                                                                             1.00 :     1 ( 0.0%)                                               
                                                                                             1.20 :     1 ( 0.0%)                                               
                                                                                             2.00 :     3 ( 0.0%)                                               
                                                                                             3.00 :     4 ( 0.0%)                                               
                                                                                             4.00 :     1 ( 0.0%)                                               
                                                                                             5.00 :     4 ( 0.0%)                                               
                                                                                             6.00 :     1 ( 0.0%)                                               
                                                                                             10.00 :     2 ( 0.0%)                                              
                                                                                             20.00 :     1 ( 0.0%)                                              

61    vehpnoth    Paid nothing on last car trip to work      Min  : 0                        0 : 15423 (95.3%)       IIIIIIIIIIIIIIIIIII    16186      0        
      [integer]                                              Mean : 0.2                      4 :   763 ( 4.7%)                              (100.0%)   (0.0%)   
                                                             Max  : 4                                                                                           

62    drpptran    Drop passengers in car at public           Min  : 0                        0 : 16172 (99.9%)       IIIIIIIIIIIIIIIIIII    16186      0        
      [integer]   transport                                  Mean : 0                        1 :    14 ( 0.1%)                              (100.0%)   (0.0%)   
                                                             Max  : 1                                                                                           

63    drpccare    Drop passengers in car at childcare        Min  : 0                        0 : 16166 (99.9%)       IIIIIIIIIIIIIIIIIII    16186      0        
      [integer]                                              Mean : 0                        2 :    20 ( 0.1%)                              (100.0%)   (0.0%)   
                                                             Max  : 2                                                                                           

64    drpschol    Drop passengers in car at school           Min  : 0                        0 : 16132 (99.7%)       IIIIIIIIIIIIIIIIIII    16186      0        
      [integer]                                              Mean : 0                        3 :    54 ( 0.3%)                              (100.0%)   (0.0%)   
                                                             Max  : 3                                                                                           

65    drpteduc    Drop passengers in car at tertiary edu     Min  : 0                        0 : 16181 (100.0%)      IIIIIIIIIIIIIIIIIII    16186      0        
      [integer]                                              Mean : 0                        4 :     5 (  0.0%)                             (100.0%)   (0.0%)   
                                                             Max  : 4                                                                                           

66    dropwork    Drop passengers in car at work             Min  : 0                        0 : 16139 (99.7%)       IIIIIIIIIIIIIIIIIII    16186      0        
      [integer]                                              Mean : 0                        5 :    47 ( 0.3%)                              (100.0%)   (0.0%)   
                                                             Max  : 5                                                                                           

67    dropothe    Drop passengers in car at other places     Min  : 0                        0 : 16179 (100.0%)      IIIIIIIIIIIIIIIIIII    16186      0        
      [integer]                                              Mean : 0                        6 :     7 (  0.0%)                             (100.0%)   (0.0%)   
                                                             Max  : 6                                                                                           

68    dropdwel    Drop passengers in car at dwelling         Min  : 0                        0 : 16064 (99.2%)       IIIIIIIIIIIIIIIIIII    16186      0        
      [integer]                                              Mean : 0.1                      7 :   122 ( 0.8%)                              (100.0%)   (0.0%)   
                                                             Max  : 7                                                                                           

69    nodropof    Dont drop any passengers in car off       Min  : 0                        0 : 15699 (97.0%)       IIIIIIIIIIIIIIIIIII    16186      0        
      [integer]                                              Mean : 0.2                      7 :   487 ( 3.0%)                              (100.0%)   (0.0%)   
                                                             Max  : 7                                                                                           

70    droptime    Time taken to drop passengers from car     Mean (sd) : 0 (1)               0 : 16089 (99.4%)       IIIIIIIIIIIIIIIIIII    16186      0        
      [integer]                                              min < med < max:                1 :    21 ( 0.1%)                              (100.0%)   (0.0%)   
                                                             0 < 0 < 73                      2 :     6 ( 0.0%)                                                  
                                                             IQR (CV) : 0 (19.2)             3 :     2 ( 0.0%)                                                  
                                                                                             4 :     1 ( 0.0%)                                                  
                                                                                             5 :    20 ( 0.1%)                                                  
                                                                                             6 :     2 ( 0.0%)                                                  
                                                                                             7 :     1 ( 0.0%)                                                  
                                                                                             10 :    26 ( 0.2%)                                                 
                                                                                             15 :    11 ( 0.1%)                                                 
                                                                                             20 :     4 ( 0.0%)                                                 
                                                                                             30 :     1 ( 0.0%)                                                 
                                                                                             35 :     1 ( 0.0%)                                                 
                                                                                             73 :     1 ( 0.0%)                                                 

71    triptime    Trip time walk and bike                    Mean (sd) : 0.4 (4.6)           20 distinct values      :                      16186      0        
      [integer]                                              min < med < max:                                        :                      (100.0%)   (0.0%)   
                                                             0 < 0 < 145                                             :                                          
                                                             IQR (CV) : 0 (12.3)                                     :                                          
                                                                                                                     :                                          

72    deptime     Departure time                             Mean (sd) : 86.8 (272.8)        113 distinct values     :                      16186      0        
      [integer]                                              min < med < max:                                        :                      (100.0%)   (0.0%)   
                                                             0 < 0 < 2400                                            :                                          
                                                             IQR (CV) : 0 (3.1)                                      :                                          
                                                                                                                     :     .                                    

73    disdwcbd    Distance from dwelling to CBD              Mean (sd) : 2 (9.7)             67 distinct values      :                      16186      0        
      [integer]                                              min < med < max:                                        :                      (100.0%)   (0.0%)   
                                                             0 < 0 < 500                                             :                                          
                                                             IQR (CV) : 0 (4.8)                                      :                                          
                                                                                                                     :                                          

74    vehstatu    Vehicle status                             1. PRIVATE VEHICLE              698 (87.1%)             IIIIIIIIIIIIIIIII      801        15385    
      [factor]                                               2. HOUSEHOLD BUSINESS VEHICL     42 ( 5.2%)             I                      (4.9%)     (95.1%)  
                                                             3. COMPANY VEHICLE               61 ( 7.6%)             I                                          

75    chawktr     Move work closer to home                   Mean (sd) : 1.7 (0.6)           0 :  1734 (10.7%)       II                     16186      0        
      [integer]                                              min < med < max:                1 :  1296 ( 8.0%)       I                      (100.0%)   (0.0%)   
                                                             0 < 2 < 2                       2 : 13156 (81.3%)       IIIIIIIIIIIIIIII                           
                                                             IQR (CV) : 0 (0.4)                                                                                 

76    chadwtr     Move home closer to work                   Mean (sd) : 1.7 (0.6)           0 :  1742 (10.8%)       II                     16186      0        
      [integer]                                              min < med < max:                1 :  1260 ( 7.8%)       I                      (100.0%)   (0.0%)   
                                                             0 < 2 < 2                       2 : 13184 (81.5%)       IIIIIIIIIIIIIIII                           
                                                             IQR (CV) : 0 (0.4)                                                                                 

77    splength    SP experiment segment                      1. RP                               0 ( 0.0%)                                  16186      0        
      [factor]                                               2. Less than 30 Minutes         10650 (65.8%)           IIIIIIIIIIIII          (100.0%)   (0.0%)   
                                                             3. 30 to 45 minutes              3180 (19.6%)           III                                        
                                                             4. over 45 minutes               2356 (14.6%)           II                                         

78    time        Travel time to work                        Mean (sd) : 19 (12.7)           0 : 1730 (10.7%)        II                     16186      0        
      [integer]                                              min < med < max:                10 : 2597 (16.0%)       III                    (100.0%)   (0.0%)   
                                                             0 < 15 < 70                     12 :  799 ( 4.9%)                                                  
                                                             IQR (CV) : 15 (0.7)             15 : 3401 (21.0%)       IIII                                       
                                                                                             20 : 3088 (19.1%)       III                                        
                                                                                             25 : 1269 ( 7.8%)       I                                          
                                                                                             30 : 1244 ( 7.7%)       I                                          
                                                                                             35 :  350 ( 2.2%)                                                  
                                                                                             37 :  416 ( 2.6%)                                                  
                                                                                             40 :  352 ( 2.2%)                                                  
                                                                                             45 :  586 ( 3.6%)                                                  
                                                                                             55 :  177 ( 1.1%)                                                  
                                                                                             70 :  177 ( 1.1%)                                                  

79    timevar     Time variability                           Mean (sd) : 0.9 (1.9)           0 : 11367 (70.2%)       IIIIIIIIIIIIII         16186      0        
      [integer]                                              min < med < max:                1 :  1557 ( 9.6%)       I                      (100.0%)   (0.0%)   
                                                             0 < 0 < 7                       2 :  1030 ( 6.4%)       I                                          
                                                             IQR (CV) : 1 (2)                4 :  1029 ( 6.4%)       I                                          
                                                                                             6 :   790 ( 4.9%)                                                  
                                                                                             7 :   413 ( 2.6%)                                                  

80    toll        Toll cost                                  Mean (sd) : 0.4 (1)             0.00 : 13527 (83.6%)    IIIIIIIIIIIIIIII       16186      0        
      [numeric]                                              min < med < max:                1.00 :   560 ( 3.5%)                           (100.0%)   (0.0%)   
                                                             0 < 0 < 6                       1.50 :   561 ( 3.5%)                                               
                                                             IQR (CV) : 0 (2.7)              2.00 :   746 ( 4.6%)                                               
                                                                                             3.00 :   327 ( 2.0%)                                               
                                                                                             4.00 :   179 ( 1.1%)                                               
                                                                                             4.50 :   142 ( 0.9%)                                               
                                                                                             6.00 :   144 ( 0.9%)                                               

81    tollpred    Times applied to tolls                     Mean (sd) : 0.2 (0.6)           0 : 13783 (85.2%)       IIIIIIIIIIIIIIIII      16186      0        
      [integer]                                              min < med < max:                1 :  1199 ( 7.4%)       I                      (100.0%)   (0.0%)   
                                                             0 < 0 < 2                       2 :  1204 ( 7.4%)       I                                          
                                                             IQR (CV) : 0 (2.5)                                                                                 

82    fuel        Fuel cost                                  Mean (sd) : 2 (3)               0 : 8958 (55.3%)        IIIIIIIIIII            16186      0        
      [integer]                                              min < med < max:                1 :  800 ( 4.9%)                               (100.0%)   (0.0%)   
                                                             0 < 0 < 15                      2 : 1021 ( 6.3%)        I                                          
                                                             IQR (CV) : 3 (1.5)              3 : 1758 (10.9%)        II                                         
                                                                                             4 : 1030 ( 6.4%)        I                                          
                                                                                             5 :  786 ( 4.9%)                                                   
                                                                                             6 :  653 ( 4.0%)                                                   
                                                                                             8 :  238 ( 1.5%)                                                   
                                                                                             9 :  351 ( 2.2%)                                                   
                                                                                             10 :  239 ( 1.5%)                                                  
                                                                                             12 :  175 ( 1.1%)                                                  
                                                                                             15 :  177 ( 1.1%)                                                  

83    parking     Parking cost                               Mean (sd) : 4.5 (7.4)           0 : 11365 (70.2%)       IIIIIIIIIIIIII         16186      0        
      [integer]                                              min < med < max:                10 :  2408 (14.9%)      II                     (100.0%)   (0.0%)   
                                                             0 < 0 < 20                      20 :  2413 (14.9%)      II                                         
                                                             IQR (CV) : 10 (1.7)                                                                                

84    freq        Frequency of service                       Mean (sd) : 6.7 (9.2)           0 : 8958 (55.3%)        IIIIIIIIIII            16186      0        
      [integer]                                              min < med < max:                5 : 2410 (14.9%)        II                     (100.0%)   (0.0%)   
                                                             0 < 0 < 25                      15 : 2417 (14.9%)       II                                         
                                                             IQR (CV) : 15 (1.4)             25 : 2401 (14.8%)       II                                         

85    fare        Return fare                                Mean (sd) : 1.6 (2.1)           0 : 8958 (55.3%)        IIIIIIIIIII            16186      0        
      [integer]                                              min < med < max:                1 : 1584 ( 9.8%)        I                      (100.0%)   (0.0%)   
                                                             0 < 0 < 7                       2 :  478 ( 3.0%)                                                   
                                                             IQR (CV) : 3 (1.4)              3 : 1934 (11.9%)        II                                         
                                                                                             4 :  475 ( 2.9%)                                                   
                                                                                             5 : 1929 (11.9%)        II                                         
                                                                                             6 :  475 ( 2.9%)                                                   
                                                                                             7 :  353 ( 2.2%)                                                   

86    start24     Normal depart time                         Mean (sd) : 825.1 (309.6)       212 distinct values         :                  15724      462      
      [integer]                                              min < med < max:                                            :                  (97.1%)    (2.9%)   
                                                             200 < 745 < 2400                                            :                                      
                                                             IQR (CV) : 130 (0.4)                                      . :                                      
                                                                                                                       : : .                                    

87    acctime     Public transport access time               Mean (sd) : 5.1 (7.6)           0 : 8958 (55.3%)        IIIIIIIIIII            16186      0        
      [integer]                                              min < med < max:                4 :  483 ( 3.0%)                               (100.0%)   (0.0%)   
                                                             0 < 0 < 25                      5 : 1926 (11.9%)        II                                         
                                                             IQR (CV) : 6 (1.5)              6 :  803 ( 5.0%)                                                   
                                                                                             8 : 1070 ( 6.6%)        I                                          
                                                                                             15 : 1604 ( 9.9%)       I                                          
                                                                                             25 : 1342 ( 8.3%)       I                                          

88    eggtime     Public transport egress time               Mean (sd) : 5.2 (7.7)           0 : 8958 (55.3%)        IIIIIIIIIII            16186      0        
      [integer]                                              min < med < max:                4 :  433 ( 2.7%)                               (100.0%)   (0.0%)   
                                                             0 < 0 < 25                      5 : 1972 (12.2%)        II                                         
                                                             IQR (CV) : 8 (1.5)              6 :  723 ( 4.5%)                                                   
                                                                                             8 : 1040 ( 6.4%)        I                                          
                                                                                             15 : 1689 (10.4%)       II                                         
                                                                                             25 : 1371 ( 8.5%)       I                                          

89    hweight     Household weight                           Mean (sd) : 1 (0.4)             57 distinct values          :                  16186      0        
      [numeric]                                              min < med < max:                                          : : .                (100.0%)   (0.0%)   
                                                             0.1 < 1 < 3.4                                             : : :                                    
                                                             IQR (CV) : 0.5 (0.4)                                      : : :                                    
                                                                                                                     . : : : : .                                

90    numbvehs    Number of vehicles in household            Mean (sd) : 1.7 (1)             0 : 1382 ( 8.5%)        I                      16186      0        
      [integer]                                              min < med < max:                1 : 5704 (35.2%)        IIIIIII                (100.0%)   (0.0%)   
                                                             0 < 2 < 6                       2 : 5730 (35.4%)        IIIIIII                                    
                                                             IQR (CV) : 1 (0.6)              3 : 2552 (15.8%)        III                                        
                                                                                             4 :  660 ( 4.1%)                                                   
                                                                                             5 :  130 ( 0.8%)                                                   
                                                                                             6 :   28 ( 0.2%)                                                   

91    hldincom    Households income                          1. Less than 5000                 54 ( 0.4%)                                   14930      1256     
      [factor]                                               2. 5000 - 12000                  466 ( 3.1%)                                   (92.2%)    (7.8%)   
                                                             3. 12001 - 20000                 982 ( 6.6%)            I                                          
                                                             4. 20001 - 30000                2938 (19.7%)            III                                        
                                                             5. 30001 - 40000                2682 (18.0%)            III                                        
                                                             6. 40001 - 50000                2234 (15.0%)            II                                         
                                                             7. 50001 - 60000                1846 (12.4%)            II                                         
                                                             8. 60001 - 70000                1488 (10.0%)            I                                          
                                                             9. 70001 - 80000                 908 ( 6.1%)            I                                          
                                                             10. 80001 - 90000                772 ( 5.2%)            I                                          
                                                             11. 90001 - 120000               560 ( 3.8%)                                                       

92    nhldbcar    Number household business cars             Mean (sd) : 0.1 (0.4)           0 : 14924 (92.2%)       IIIIIIIIIIIIIIIIII     16186      0        
      [integer]                                              min < med < max:                1 :   890 ( 5.5%)       I                      (100.0%)   (0.0%)   
                                                             0 < 0 < 6                       2 :   294 ( 1.8%)                                                  
                                                             IQR (CV) : 0 (3.9)              3 :    64 ( 0.4%)                                                  
                                                                                             6 :    14 ( 0.1%)                                                  

93    ncompcar    Number company cars                        Mean (sd) : 0.1 (0.3)           0 : 14550 (89.9%)       IIIIIIIIIIIIIIIII      16186      0        
      [integer]                                              min < med < max:                1 :  1622 (10.0%)       II                     (100.0%)   (0.0%)   
                                                             0 < 0 < 2                       2 :    14 ( 0.1%)                                                  
                                                             IQR (CV) : 0 (3)                                                                                   

94    ndrivlic    Number licences in household               Mean (sd) : 2 (1)               0 :  606 ( 3.7%)                               16186      0        
      [integer]                                              min < med < max:                1 : 3984 (24.6%)        IIII                   (100.0%)   (0.0%)   
                                                             0 < 2 < 7                       2 : 7936 (49.0%)        IIIIIIIII                                  
                                                             IQR (CV) : 1 (0.5)              3 : 2456 (15.2%)        III                                        
                                                                                             4 : 1030 ( 6.4%)        I                                          
                                                                                             5 :  132 ( 0.8%)                                                   
                                                                                             6 :   28 ( 0.2%)                                                   
                                                                                             7 :   14 ( 0.1%)                                                   

95    hldsize     Household size                             Mean (sd) : 2.9 (1.4)           1 : 2496 (15.4%)        III                    16186      0        
      [integer]                                              min < med < max:                2 : 5004 (30.9%)        IIIIII                 (100.0%)   (0.0%)   
                                                             1 < 3 < 8                       3 : 3464 (21.4%)        IIII                                       
                                                             IQR (CV) : 2 (0.5)              4 : 3308 (20.4%)        IIII                                       
                                                                                             5 : 1378 ( 8.5%)        I                                          
                                                                                             6 :  366 ( 2.3%)                                                   
                                                                                             7 :  142 ( 0.9%)                                                   
                                                                                             8 :   28 ( 0.2%)                                                   

96    nworkers    Num workers in household                   Mean (sd) : 1.8 (0.8)           1 : 6602 (40.8%)        IIIIIIII               16186      0        
      [integer]                                              min < med < max:                2 : 7424 (45.9%)        IIIIIIIII              (100.0%)   (0.0%)   
                                                             1 < 2 < 5                       3 : 1636 (10.1%)        II                                         
                                                             IQR (CV) : 1 (0.4)              4 :  448 ( 2.8%)                                                   
                                                                                             5 :   76 ( 0.5%)                                                   

97    wkremply    Employment type                            1. Full Time                    12014 (74.4%)           IIIIIIIIIIIIII         16158      28       
      [factor]                                               2. Part Time                     3116 (19.3%)           III                    (99.8%)    (0.2%)   
                                                             3. Self Employed                 1028 ( 6.4%)           I                                          

98    wkroccup    Occupation category                        1. Managers and Admin           2738 (17.1%)            III                    16052      134      
      [factor]                                               2. Professionals                3720 (23.2%)            IIII                   (99.2%)    (0.8%)   
                                                             3. Para-professional            1228 ( 7.7%)            I                                          
                                                             4. Tradespersons                1656 (10.3%)            II                                         
                                                             5. Clerks                       2180 (13.6%)            II                                         
                                                             6. Sales                        1806 (11.3%)            II                                         
                                                             7. Plant operators               966 ( 6.0%)            I                                          
                                                             8. Laborers                     1498 ( 9.3%)            I                                          
                                                             9. Other                         260 ( 1.6%)                                                       

99    perage      Person age                                 Mean (sd) : 38.6 (11.2)         55 distinct values          . :                15352      834      
      [integer]                                              min < med < max:                                            : : : .            (94.8%)    (5.2%)   
                                                             16 < 39 < 79                                              : : : : :                                
                                                             IQR (CV) : 17 (0.3)                                     : : : : : : .                              
                                                                                                                     : : : : : : : .                            

100   drivlic     Person drivers licence                     1. YES                          14944 (92.6%)           IIIIIIIIIIIIIIIIII     16134      52       
      [factor]                                               2. NO                            1176 ( 7.3%)           I                      (99.7%)    (0.3%)   
                                                             3. NOT APPLICABLE                  14 ( 0.1%)                                                      

101   pincome     Personal income                            Mean (sd) : 32.6 (16.9)         0 :  735 ( 4.5%)                               16155      31       
      [integer]                                              min < med < max:                2 :  134 ( 0.8%)                               (99.8%)    (0.2%)   
                                                             0 < 25 < 80                     9 :  982 ( 6.1%)        I                                          
                                                             IQR (CV) : 20 (0.5)             25 : 6614 (40.9%)       IIIIIIII                                   
                                                                                             35 : 3522 (21.8%)       IIII                                       
                                                                                             45 : 2066 (12.8%)       II                                         
                                                                                             55 : 1052 ( 6.5%)       I                                          
                                                                                             65 :  370 ( 2.3%)                                                  
                                                                                             80 :  680 ( 4.2%)                                                  

102   persex      Person sex                                 1. male                         6606 (61.1%)            IIIIIIIIIIII           10814      5372     
      [factor]                                               2. female                       4208 (38.9%)            IIIIIII                (66.8%)    (33.2%)  

103   pereduc     Person highest education                   1. PRE-PRIMARYSCHOOL               0 ( 0.0%)                                   11840      4346     
      [factor]                                               2. PRIMARYSCHOOL                 244 ( 2.1%)                                   (73.1%)    (26.9%)  
                                                             3. SECONDARYSCHOOL              4744 (40.1%)            IIIIIIII                                   
                                                             4. TECH/COLLEGE                 3032 (25.6%)            IIIII                                      
                                                             5. UNIVERSITY                   3820 (32.3%)            IIIIII                                     

104   acceggt     Access time plus egress time               Mean (sd) : 10.3 (13.7)         19 distinct values      :                      16186      0        
      [integer]                                              min < med < max:                                        :                      (100.0%)   (0.0%)   
                                                             0 < 0 < 50                                              :                                          
                                                             IQR (CV) : 20 (1.3)                                     :                                          
                                                                                                                     : . : : . :   .                            

105   can         Canberra                                   1. CANBERRA                      1676 (10.4%)           II                     16186      0        
      [factor]                                               2. PERTH                         2562 (15.8%)           III                    (100.0%)   (0.0%)   
                                                             3. OTHER                        11948 (73.8%)           IIIIIIIIIIIIII                             

106   syd         Sydney                                     1. SYDNEY                        3274 (20.2%)           IIII                   16186      0        
      [factor]                                               2. PERTH                         2562 (15.8%)           III                    (100.0%)   (0.0%)   
                                                             3. OTHER                        10350 (63.9%)           IIIIIIIIIIII                               

107   mel         Melbourne                                  1. MELBOURNE                     3215 (19.9%)           III                    16186      0        
      [factor]                                               2. PERTH                         2562 (15.8%)           III                    (100.0%)   (0.0%)   
                                                             3. OTHER                        10409 (64.3%)           IIIIIIIIIIII                               

108   brs         Brisbane                                   1. BRISBANE                      3241 (20.0%)           IIII                   16186      0        
      [factor]                                               2. PERTH                         2562 (15.8%)           III                    (100.0%)   (0.0%)   
                                                             3. OTHER                        10383 (64.1%)           IIIIIIIIIIII                               

109   adl         Adelaide                                   1. ADELAIDE                      2218 (13.7%)           II                     16186      0        
      [factor]                                               2. PERTH                         2562 (15.8%)           III                    (100.0%)   (0.0%)   
                                                             3. OTHER                        11406 (70.5%)           IIIIIIIIIIIIII                             
----------------------------------------------------------------------------------------------------------------------------------------------------------------
