Codefile:hrg03_mnl07.r 


### Set core controls
All checks on apollo_control completed.
WARNING: Your database contains some entries that are NA. This may well be intentional, but be advised that if these entries are used in your model, the behaviour may be unexpected. 
WARNING: Your database contains variable(s) "drivlic" codified as factors. Apollo does not support factors, and using them inside apollo_probabilities may lead to NA values in the loglikelihood. If you want to use these
  variables, we recommend manually transforming them into numeric variables.
All checks on database completed.


model = apollo_estimate(apollo_beta, apollo_fixed, apollo_probabilities, apollo_inputs)
Preparing user-defined functions.

Testing likelihood function...

Overview of choices for MNL model component :
                                    CART   CARNT      TR      LR      BW     BUS
Times available                  2369.00 2369.00 1089.00 1330.00 1280.00 1039.00
Times chosen                      600.00  658.00  243.00  305.00  319.00  244.00
Percentage chosen overall          25.33   27.78   10.26   12.87   13.47   10.30
Percentage chosen when available   25.33   27.78   22.31   22.93   24.92   23.48


Pre-processing likelihood function...

Testing influence of parameters
Starting main estimation

BGW using analytic model derivatives supplied by caller...


Iterates will be written to: 
 hrg03_mnl/hrg03_mnl7_iterations.csv
    it    nf     F            RELDF    PRELDF    RELDX    MODEL stppar
     0     1 1.398035604e+04
     1     4 1.285749294e+04 8.032e-02 5.308e-02 1.32e-02   G   1.58e+00
     2     5 1.116152112e+04 1.319e-01 6.626e-02 6.30e-02   G   0.00e+00
     3     6 6.867084814e+03 3.848e-01 2.047e-01 1.69e-01   S   0.00e+00
     4     7 5.039951570e+03 2.661e-01 1.573e-01 9.21e-02   S   0.00e+00
     5     8 3.681991710e+03 2.694e-01 1.708e-01 2.22e-01   S   0.00e+00
     6     9 3.238642021e+03 1.204e-01 1.126e-01 7.67e-01   S   0.00e+00
     7    10 3.215158673e+03 7.251e-03 6.397e-03 1.00e+00   S   0.00e+00
     8    11 3.214722999e+03 1.355e-04 1.348e-04 6.51e-02   S   0.00e+00
     9    12 3.214722426e+03 1.783e-07 1.682e-07 1.36e-03   S   0.00e+00
    10    13 3.214722422e+03 1.186e-09 1.192e-09 1.16e-04   S   0.00e+00
    11    14 3.214722422e+03 8.884e-13 9.003e-13 4.30e-06   S   0.00e+00

***** Relative function convergence *****

Estimated parameters with approximate standard errors from BHHH matrix:
             Estimate     BHHH se BHH t-ratio (0)
asc_cart     -0.08020     0.07509         -1.0681
b_cost       -0.20044     0.01881        -10.6540
asc_carnt     1.15532     0.23281          4.9626
b_time       -0.03739     0.01118         -3.3435
asc_bus       0.02093     0.09944          0.2105
asc_tr       -0.04028     0.09434         -0.4270
asc_bw        0.09262     0.08722          1.0619
asc_lr        0.00000          NA              NA

Final LL: -3214.7224

Calculating log-likelihood at equal shares (LL(0)) for applicable models...
Calculating log-likelihood at observed shares from estimation data (LL(c)) for applicable models...
Calculating LL of each model component...
Calculating other model fit measures
Computing covariance matrix using numerical jacobian of analytical gradient.
 0%....25%....50%....75%....100%
Negative definite Hessian with maximum eigenvalue: -17.280774
Computing score matrix...

Your model was estimated using the BGW algorithm. Please acknowledge this by citing Bunch et al. (1993) - doi.org/10.1145/151271.151279

Please acknowledge the use of Apollo by citing Hess & Palma (2019) - doi.org/10.1016/j.jocm.2019.100170


apollo_modelOutput(model)
Model run by Brosig using Apollo 0.3.5 on R 4.4.3 for Windows.
Please acknowledge the use of Apollo by citing Hess & Palma (2019)
  DOI 10.1016/j.jocm.2019.100170
  www.ApolloChoiceModelling.com

Model name                                  : hrg03_mnl7
Model description                           : hrg03a_mnl7: hrg 2005 p. 357ff: WTP
Model run at                                : 2025-04-24 12:44:15.054061
Estimation method                           : bgw
Model diagnosis                             : Relative function convergence
Optimisation diagnosis                      : Maximum found
     hessian properties                     : Negative definite
     maximum eigenvalue                     : -17.280774
     reciprocal of condition number         : 9.0443e-05
Number of individuals                       : 795
Number of rows in database                  : 2369
Number of modelled outcomes                 : 2369

Number of cores used                        :  1 
Model without mixing

LL(start)                                   : -13980.36
LL at equal shares, LL(0)                   : -3284.13
LL at observed shares, LL(C)                : -4039.69
LL(final)                                   : -3214.72
Rho-squared vs equal shares                  :  0.0211 
Adj.Rho-squared vs equal shares              :  0.019 
Rho-squared vs observed shares               :  0.2042 
Adj.Rho-squared vs observed shares           :  0.2037 
AIC                                         :  6443.44 
BIC                                         :  6483.84 

Estimated parameters                        : 7
Time taken (hh:mm:ss)                       :  00:00:1.09 
     pre-estimation                         :  00:00:0.28 
     estimation                             :  00:00:0.36 
     post-estimation                        :  00:00:0.44 
Iterations                                  :  11  

Unconstrained optimisation.

Estimates:
             Estimate        s.e.   t.rat.(0)    Rob.s.e. Rob.t.rat.(0)
asc_cart     -0.08020     0.07552     -1.0620     0.08734       -0.9183
b_cost       -0.20044     0.01918    -10.4520     0.01874      -10.6965
asc_carnt     1.15532     0.23690      4.8769     0.21506        5.3720
b_time       -0.03739     0.01138     -3.2857     0.01031       -3.6257
asc_bus       0.02093     0.09926      0.2108     0.08907        0.2350
asc_tr       -0.04028     0.09377     -0.4296     0.09744       -0.4134
asc_bw        0.09262     0.08587      1.0786     0.09314        0.9944
asc_lr        0.00000          NA          NA          NA            NA


Overview of choices for MNL model component :
                                    CART   CARNT      TR      LR      BW     BUS
Times available                  2369.00 2369.00 1089.00 1330.00 1280.00 1039.00
Times chosen                      600.00  658.00  243.00  305.00  319.00  244.00
Percentage chosen overall          25.33   27.78   10.26   12.87   13.47   10.30
Percentage chosen when available   25.33   27.78   22.31   22.93   24.92   23.48


Model output saved to hrg03_mnl/hrg03_mnl7_output.txt 
Model object saved to hrg03_mnl/hrg03_mnl7.rds 
Output is no longer being written to file.


WTP : Value of travel time savings (VTTS) HRG05 p. 359 (via apollo_deltaMethod)
Running Delta method computation for user-defined function using robust standard errors

 Expression   Value  s.e. t-ratio (0)
       VTTS 11.1934 3.367        3.32
INFORMATION: The results of the Delta method calculations are returned invisibly as an output from this function. Calling the function via result=apollo_deltaMethod(...) will save this output in an object called result (or otherwise
  named object). 
Output is no longer being written to file.
                  LL par
hrg03_mnl01 -3220.15   6
hrg03_mnl7  -3214.72   7
Difference      5.43   1

Likelihood ratio test-value:    10.86 
Degrees of freedom:             1 
Likelihood ratio test p-value:  0.0009826 
INFORMATION: The p-value from the test is returned invisibly as an output from this function. Calling the function via result=apollo_lrTest(...) will save this output in an object called result (or otherwise named object). 
